Building DAG of jobs...
Using shell: /usr/bin/bash
Provided cores: 8
Rules claiming more threads will be scaled down.
Job counts:
	count	jobs
	1	train_model
	1

[Tue Apr 30 20:31:13 2024]
rule train_model:
    input: data/hirt_chr.txt
    output: outputs/539/trained_model.txt, outputs/539/cross_entropy.csv, outputs/539/data_vs_training.svg, outputs/539/metrics.txt
    jobid: 0
    wildcards: id=539
    threads: 8

Terminating processes on user request, this might take some time.
[Tue Apr 30 20:31:23 2024]
Error in rule train_model:
    jobid: 0
    output: outputs/539/trained_model.txt, outputs/539/cross_entropy.csv, outputs/539/data_vs_training.svg, outputs/539/metrics.txt
    shell:
        (/usr/bin/time -f "%e %M" python3 train_model.py data/hirt_chr.txt         -o outputs/539         -architecture combined         -ns 60          --fit 'i'         --opt_options 1e-06 1e-06 15000 10         --no_mean 1         --threads 8          --training_opt 10 2000 100   ) 2>&1 | tail -n1 > outputs/539/metrics.txt
        (one of the commands exited with non-zero exit code; note that snakemake uses bash strict mode!)

Removing output files of failed job train_model since they might be corrupted:
outputs/539/metrics.txt
Complete log: /home/hade/Desktop/bc_thesis/.snakemake/log/2024-04-30T203113.644586.snakemake.log
