Building DAG of jobs...
Using shell: /usr/bin/bash
Provided cores: 8
Rules claiming more threads will be scaled down.
Job counts:
	count	jobs
	1	time_mem_to_csv
	1

[Tue Apr 23 09:46:44 2024]
rule time_mem_to_csv:
    input: outputs/17/metrics.txt
    output: outputs/17/metrics.csv
    jobid: 0
    wildcards: id=17

[Tue Apr 23 09:46:44 2024]
Error in rule time_mem_to_csv:
    jobid: 0
    output: outputs/17/metrics.csv
    shell:
        python3 time_mem_to_csv outputs/17 -o 17 
        (one of the commands exited with non-zero exit code; note that snakemake uses bash strict mode!)

Shutting down, this might take some time.
Exiting because a job execution failed. Look above for error message
Complete log: /home/hade/Desktop/bc_thesis/.snakemake/log/2024-04-23T094643.822496.snakemake.log
