Building DAG of jobs...
Using shell: /usr/bin/bash
Provided cores: 8
Rules claiming more threads will be scaled down.
Job counts:
	count	jobs
	1	all
	1	collect_statistics
	31	time_mem_to_csv
	33

[Tue Apr 23 13:38:10 2024]
rule time_mem_to_csv:
    input: outputs/288/metrics.txt
    output: outputs/288/metrics.csv
    jobid: 580
    wildcards: id=288


[Tue Apr 23 13:38:10 2024]
rule time_mem_to_csv:
    input: outputs/262/metrics.txt
    output: outputs/262/metrics.csv
    jobid: 554
    wildcards: id=262


[Tue Apr 23 13:38:10 2024]
rule time_mem_to_csv:
    input: outputs/273/metrics.txt
    output: outputs/273/metrics.csv
    jobid: 565
    wildcards: id=273


[Tue Apr 23 13:38:10 2024]
rule time_mem_to_csv:
    input: outputs/282/metrics.txt
    output: outputs/282/metrics.csv
    jobid: 574
    wildcards: id=282


[Tue Apr 23 13:38:10 2024]
rule time_mem_to_csv:
    input: outputs/285/metrics.txt
    output: outputs/285/metrics.csv
    jobid: 577
    wildcards: id=285


[Tue Apr 23 13:38:10 2024]
rule time_mem_to_csv:
    input: outputs/291/metrics.txt
    output: outputs/291/metrics.csv
    jobid: 583
    wildcards: id=291


[Tue Apr 23 13:38:10 2024]
rule time_mem_to_csv:
    input: outputs/272/metrics.txt
    output: outputs/272/metrics.csv
    jobid: 564
    wildcards: id=272


[Tue Apr 23 13:38:10 2024]
rule time_mem_to_csv:
    input: outputs/265/metrics.txt
    output: outputs/265/metrics.csv
    jobid: 557
    wildcards: id=265

[Tue Apr 23 13:38:11 2024]
Finished job 564.
1 of 33 steps (3%) done

[Tue Apr 23 13:38:11 2024]
rule time_mem_to_csv:
    input: outputs/264/metrics.txt
    output: outputs/264/metrics.csv
    jobid: 556
    wildcards: id=264

[Tue Apr 23 13:38:11 2024]
Finished job 554.
2 of 33 steps (6%) done

[Tue Apr 23 13:38:11 2024]
rule time_mem_to_csv:
    input: outputs/268/metrics.txt
    output: outputs/268/metrics.csv
    jobid: 560
    wildcards: id=268

[Tue Apr 23 13:38:11 2024]
Finished job 574.
3 of 33 steps (9%) done
[Tue Apr 23 13:38:11 2024]
Finished job 577.
4 of 33 steps (12%) done

[Tue Apr 23 13:38:11 2024]
rule time_mem_to_csv:
    input: outputs/290/metrics.txt
    output: outputs/290/metrics.csv
    jobid: 582
    wildcards: id=290


[Tue Apr 23 13:38:11 2024]
rule time_mem_to_csv:
    input: outputs/284/metrics.txt
    output: outputs/284/metrics.csv
    jobid: 576
    wildcards: id=284

[Tue Apr 23 13:38:11 2024]
Finished job 583.
5 of 33 steps (15%) done

[Tue Apr 23 13:38:11 2024]
rule time_mem_to_csv:
    input: outputs/271/metrics.txt
    output: outputs/271/metrics.csv
    jobid: 563
    wildcards: id=271

[Tue Apr 23 13:38:11 2024]
Finished job 580.
6 of 33 steps (18%) done

[Tue Apr 23 13:38:11 2024]
rule time_mem_to_csv:
    input: outputs/281/metrics.txt
    output: outputs/281/metrics.csv
    jobid: 573
    wildcards: id=281

[Tue Apr 23 13:38:11 2024]
Finished job 557.
7 of 33 steps (21%) done

[Tue Apr 23 13:38:11 2024]
rule time_mem_to_csv:
    input: outputs/287/metrics.txt
    output: outputs/287/metrics.csv
    jobid: 579
    wildcards: id=287

[Tue Apr 23 13:38:11 2024]
Finished job 565.
8 of 33 steps (24%) done

[Tue Apr 23 13:38:11 2024]
rule time_mem_to_csv:
    input: outputs/275/metrics.txt
    output: outputs/275/metrics.csv
    jobid: 567
    wildcards: id=275

[Tue Apr 23 13:38:12 2024]
Finished job 556.
9 of 33 steps (27%) done

[Tue Apr 23 13:38:12 2024]
rule time_mem_to_csv:
    input: outputs/270/metrics.txt
    output: outputs/270/metrics.csv
    jobid: 562
    wildcards: id=270

[Tue Apr 23 13:38:12 2024]
Finished job 563.
10 of 33 steps (30%) done

[Tue Apr 23 13:38:12 2024]
rule time_mem_to_csv:
    input: outputs/286/metrics.txt
    output: outputs/286/metrics.csv
    jobid: 578
    wildcards: id=286

[Tue Apr 23 13:38:12 2024]
Finished job 576.
11 of 33 steps (33%) done

[Tue Apr 23 13:38:12 2024]
rule time_mem_to_csv:
    input: outputs/280/metrics.txt
    output: outputs/280/metrics.csv
    jobid: 572
    wildcards: id=280

[Tue Apr 23 13:38:12 2024]
Finished job 579.
12 of 33 steps (36%) done

[Tue Apr 23 13:38:12 2024]
rule time_mem_to_csv:
    input: outputs/289/metrics.txt
    output: outputs/289/metrics.csv
    jobid: 581
    wildcards: id=289

[Tue Apr 23 13:38:12 2024]
Finished job 573.
13 of 33 steps (39%) done

[Tue Apr 23 13:38:12 2024]
rule time_mem_to_csv:
    input: outputs/267/metrics.txt
    output: outputs/267/metrics.csv
    jobid: 559
    wildcards: id=267

[Tue Apr 23 13:38:12 2024]
Finished job 567.
14 of 33 steps (42%) done
[Tue Apr 23 13:38:12 2024]
Finished job 582.
15 of 33 steps (45%) done

[Tue Apr 23 13:38:12 2024]
rule time_mem_to_csv:
    input: outputs/278/metrics.txt
    output: outputs/278/metrics.csv
    jobid: 570
    wildcards: id=278


[Tue Apr 23 13:38:12 2024]
rule time_mem_to_csv:
    input: outputs/277/metrics.txt
    output: outputs/277/metrics.csv
    jobid: 569
    wildcards: id=277

[Tue Apr 23 13:38:12 2024]
Finished job 560.
16 of 33 steps (48%) done

[Tue Apr 23 13:38:12 2024]
rule time_mem_to_csv:
    input: outputs/279/metrics.txt
    output: outputs/279/metrics.csv
    jobid: 571
    wildcards: id=279

[Tue Apr 23 13:38:13 2024]
Finished job 562.
17 of 33 steps (52%) done

[Tue Apr 23 13:38:13 2024]
rule time_mem_to_csv:
    input: outputs/283/metrics.txt
    output: outputs/283/metrics.csv
    jobid: 575
    wildcards: id=283

[Tue Apr 23 13:38:13 2024]
Finished job 578.
18 of 33 steps (55%) done

[Tue Apr 23 13:38:13 2024]
rule time_mem_to_csv:
    input: outputs/276/metrics.txt
    output: outputs/276/metrics.csv
    jobid: 568
    wildcards: id=276

[Tue Apr 23 13:38:13 2024]
Finished job 570.
19 of 33 steps (58%) done

[Tue Apr 23 13:38:13 2024]
rule time_mem_to_csv:
    input: outputs/266/metrics.txt
    output: outputs/266/metrics.csv
    jobid: 558
    wildcards: id=266

[Tue Apr 23 13:38:13 2024]
Finished job 581.
20 of 33 steps (61%) done

[Tue Apr 23 13:38:13 2024]
rule time_mem_to_csv:
    input: outputs/269/metrics.txt
    output: outputs/269/metrics.csv
    jobid: 561
    wildcards: id=269

[Tue Apr 23 13:38:13 2024]
Finished job 559.
21 of 33 steps (64%) done

[Tue Apr 23 13:38:13 2024]
rule time_mem_to_csv:
    input: outputs/274/metrics.txt
    output: outputs/274/metrics.csv
    jobid: 566
    wildcards: id=274

[Tue Apr 23 13:38:13 2024]
Finished job 572.
22 of 33 steps (67%) done

[Tue Apr 23 13:38:13 2024]
rule time_mem_to_csv:
    input: outputs/261/metrics.txt
    output: outputs/261/metrics.csv
    jobid: 553
    wildcards: id=261

[Tue Apr 23 13:38:13 2024]
Finished job 569.
23 of 33 steps (70%) done

[Tue Apr 23 13:38:13 2024]
rule time_mem_to_csv:
    input: outputs/263/metrics.txt
    output: outputs/263/metrics.csv
    jobid: 555
    wildcards: id=263

[Tue Apr 23 13:38:13 2024]
Finished job 571.
24 of 33 steps (73%) done
[Tue Apr 23 13:38:14 2024]
Finished job 568.
25 of 33 steps (76%) done
[Tue Apr 23 13:38:14 2024]
Finished job 566.
26 of 33 steps (79%) done
[Tue Apr 23 13:38:14 2024]
Finished job 575.
27 of 33 steps (82%) done
[Tue Apr 23 13:38:14 2024]
Finished job 558.
28 of 33 steps (85%) done
[Tue Apr 23 13:38:14 2024]
Finished job 561.
29 of 33 steps (88%) done
[Tue Apr 23 13:38:14 2024]
Finished job 553.
30 of 33 steps (91%) done
[Tue Apr 23 13:38:14 2024]
Finished job 555.
31 of 33 steps (94%) done

[Tue Apr 23 13:38:14 2024]
rule collect_statistics:
    input: outputs/1/cross_entropy.csv, outputs/2/cross_entropy.csv, outputs/3/cross_entropy.csv, outputs/4/cross_entropy.csv, outputs/5/cross_entropy.csv, outputs/6/cross_entropy.csv, outputs/7/cross_entropy.csv, outputs/8/cross_entropy.csv, outputs/9/cross_entropy.csv, outputs/10/cross_entropy.csv, outputs/11/cross_entropy.csv, outputs/12/cross_entropy.csv, outputs/13/cross_entropy.csv, outputs/14/cross_entropy.csv, outputs/15/cross_entropy.csv, outputs/16/cross_entropy.csv, outputs/17/cross_entropy.csv, outputs/18/cross_entropy.csv, outputs/19/cross_entropy.csv, outputs/20/cross_entropy.csv, outputs/21/cross_entropy.csv, outputs/22/cross_entropy.csv, outputs/23/cross_entropy.csv, outputs/24/cross_entropy.csv, outputs/25/cross_entropy.csv, outputs/26/cross_entropy.csv, outputs/27/cross_entropy.csv, outputs/28/cross_entropy.csv, outputs/29/cross_entropy.csv, outputs/30/cross_entropy.csv, outputs/31/cross_entropy.csv, outputs/32/cross_entropy.csv, outputs/33/cross_entropy.csv, outputs/34/cross_entropy.csv, outputs/35/cross_entropy.csv, outputs/36/cross_entropy.csv, outputs/37/cross_entropy.csv, outputs/38/cross_entropy.csv, outputs/39/cross_entropy.csv, outputs/40/cross_entropy.csv, outputs/41/cross_entropy.csv, outputs/42/cross_entropy.csv, outputs/43/cross_entropy.csv, outputs/44/cross_entropy.csv, outputs/45/cross_entropy.csv, outputs/46/cross_entropy.csv, outputs/47/cross_entropy.csv, outputs/48/cross_entropy.csv, outputs/49/cross_entropy.csv, outputs/50/cross_entropy.csv, outputs/51/cross_entropy.csv, outputs/52/cross_entropy.csv, outputs/53/cross_entropy.csv, outputs/54/cross_entropy.csv, outputs/55/cross_entropy.csv, outputs/56/cross_entropy.csv, outputs/57/cross_entropy.csv, outputs/58/cross_entropy.csv, outputs/59/cross_entropy.csv, outputs/60/cross_entropy.csv, outputs/61/cross_entropy.csv, outputs/62/cross_entropy.csv, outputs/63/cross_entropy.csv, outputs/64/cross_entropy.csv, outputs/65/cross_entropy.csv, outputs/66/cross_entropy.csv, outputs/67/cross_entropy.csv, outputs/68/cross_entropy.csv, outputs/69/cross_entropy.csv, outputs/70/cross_entropy.csv, outputs/71/cross_entropy.csv, outputs/72/cross_entropy.csv, outputs/73/cross_entropy.csv, outputs/74/cross_entropy.csv, outputs/75/cross_entropy.csv, outputs/76/cross_entropy.csv, outputs/77/cross_entropy.csv, outputs/78/cross_entropy.csv, outputs/79/cross_entropy.csv, outputs/80/cross_entropy.csv, outputs/81/cross_entropy.csv, outputs/82/cross_entropy.csv, outputs/83/cross_entropy.csv, outputs/84/cross_entropy.csv, outputs/85/cross_entropy.csv, outputs/86/cross_entropy.csv, outputs/87/cross_entropy.csv, outputs/88/cross_entropy.csv, outputs/89/cross_entropy.csv, outputs/90/cross_entropy.csv, outputs/91/cross_entropy.csv, outputs/92/cross_entropy.csv, outputs/93/cross_entropy.csv, outputs/94/cross_entropy.csv, outputs/95/cross_entropy.csv, outputs/96/cross_entropy.csv, outputs/97/cross_entropy.csv, outputs/98/cross_entropy.csv, outputs/99/cross_entropy.csv, outputs/100/cross_entropy.csv, outputs/101/cross_entropy.csv, outputs/102/cross_entropy.csv, outputs/103/cross_entropy.csv, outputs/104/cross_entropy.csv, outputs/105/cross_entropy.csv, outputs/106/cross_entropy.csv, outputs/107/cross_entropy.csv, outputs/108/cross_entropy.csv, outputs/109/cross_entropy.csv, outputs/110/cross_entropy.csv, outputs/111/cross_entropy.csv, outputs/112/cross_entropy.csv, outputs/113/cross_entropy.csv, outputs/114/cross_entropy.csv, outputs/115/cross_entropy.csv, outputs/116/cross_entropy.csv, outputs/117/cross_entropy.csv, outputs/118/cross_entropy.csv, outputs/119/cross_entropy.csv, outputs/120/cross_entropy.csv, outputs/121/cross_entropy.csv, outputs/122/cross_entropy.csv, outputs/123/cross_entropy.csv, outputs/124/cross_entropy.csv, outputs/125/cross_entropy.csv, outputs/126/cross_entropy.csv, outputs/127/cross_entropy.csv, outputs/128/cross_entropy.csv, outputs/129/cross_entropy.csv, outputs/130/cross_entropy.csv, outputs/131/cross_entropy.csv, outputs/132/cross_entropy.csv, outputs/133/cross_entropy.csv, outputs/134/cross_entropy.csv, outputs/135/cross_entropy.csv, outputs/136/cross_entropy.csv, outputs/137/cross_entropy.csv, outputs/138/cross_entropy.csv, outputs/139/cross_entropy.csv, outputs/140/cross_entropy.csv, outputs/141/cross_entropy.csv, outputs/142/cross_entropy.csv, outputs/143/cross_entropy.csv, outputs/144/cross_entropy.csv, outputs/145/cross_entropy.csv, outputs/146/cross_entropy.csv, outputs/147/cross_entropy.csv, outputs/148/cross_entropy.csv, outputs/149/cross_entropy.csv, outputs/150/cross_entropy.csv, outputs/151/cross_entropy.csv, outputs/152/cross_entropy.csv, outputs/153/cross_entropy.csv, outputs/154/cross_entropy.csv, outputs/155/cross_entropy.csv, outputs/156/cross_entropy.csv, outputs/157/cross_entropy.csv, outputs/158/cross_entropy.csv, outputs/159/cross_entropy.csv, outputs/160/cross_entropy.csv, outputs/161/cross_entropy.csv, outputs/162/cross_entropy.csv, outputs/163/cross_entropy.csv, outputs/164/cross_entropy.csv, outputs/165/cross_entropy.csv, outputs/166/cross_entropy.csv, outputs/167/cross_entropy.csv, outputs/168/cross_entropy.csv, outputs/169/cross_entropy.csv, outputs/170/cross_entropy.csv, outputs/171/cross_entropy.csv, outputs/172/cross_entropy.csv, outputs/173/cross_entropy.csv, outputs/174/cross_entropy.csv, outputs/175/cross_entropy.csv, outputs/176/cross_entropy.csv, outputs/177/cross_entropy.csv, outputs/178/cross_entropy.csv, outputs/179/cross_entropy.csv, outputs/180/cross_entropy.csv, outputs/181/cross_entropy.csv, outputs/182/cross_entropy.csv, outputs/183/cross_entropy.csv, outputs/184/cross_entropy.csv, outputs/185/cross_entropy.csv, outputs/186/cross_entropy.csv, outputs/187/cross_entropy.csv, outputs/188/cross_entropy.csv, outputs/189/cross_entropy.csv, outputs/190/cross_entropy.csv, outputs/191/cross_entropy.csv, outputs/192/cross_entropy.csv, outputs/193/cross_entropy.csv, outputs/194/cross_entropy.csv, outputs/195/cross_entropy.csv, outputs/196/cross_entropy.csv, outputs/197/cross_entropy.csv, outputs/198/cross_entropy.csv, outputs/199/cross_entropy.csv, outputs/200/cross_entropy.csv, outputs/201/cross_entropy.csv, outputs/202/cross_entropy.csv, outputs/203/cross_entropy.csv, outputs/204/cross_entropy.csv, outputs/205/cross_entropy.csv, outputs/206/cross_entropy.csv, outputs/207/cross_entropy.csv, outputs/208/cross_entropy.csv, outputs/209/cross_entropy.csv, outputs/210/cross_entropy.csv, outputs/211/cross_entropy.csv, outputs/212/cross_entropy.csv, outputs/213/cross_entropy.csv, outputs/214/cross_entropy.csv, outputs/215/cross_entropy.csv, outputs/216/cross_entropy.csv, outputs/217/cross_entropy.csv, outputs/218/cross_entropy.csv, outputs/219/cross_entropy.csv, outputs/220/cross_entropy.csv, outputs/221/cross_entropy.csv, outputs/222/cross_entropy.csv, outputs/223/cross_entropy.csv, outputs/224/cross_entropy.csv, outputs/225/cross_entropy.csv, outputs/226/cross_entropy.csv, outputs/227/cross_entropy.csv, outputs/228/cross_entropy.csv, outputs/229/cross_entropy.csv, outputs/230/cross_entropy.csv, outputs/231/cross_entropy.csv, outputs/232/cross_entropy.csv, outputs/233/cross_entropy.csv, outputs/234/cross_entropy.csv, outputs/235/cross_entropy.csv, outputs/236/cross_entropy.csv, outputs/237/cross_entropy.csv, outputs/238/cross_entropy.csv, outputs/239/cross_entropy.csv, outputs/240/cross_entropy.csv, outputs/241/cross_entropy.csv, outputs/242/cross_entropy.csv, outputs/243/cross_entropy.csv, outputs/244/cross_entropy.csv, outputs/245/cross_entropy.csv, outputs/246/cross_entropy.csv, outputs/247/cross_entropy.csv, outputs/248/cross_entropy.csv, outputs/249/cross_entropy.csv, outputs/250/cross_entropy.csv, outputs/251/cross_entropy.csv, outputs/252/cross_entropy.csv, outputs/253/cross_entropy.csv, outputs/254/cross_entropy.csv, outputs/255/cross_entropy.csv, outputs/256/cross_entropy.csv, outputs/257/cross_entropy.csv, outputs/258/cross_entropy.csv, outputs/259/cross_entropy.csv, outputs/260/cross_entropy.csv, outputs/261/cross_entropy.csv, outputs/262/cross_entropy.csv, outputs/263/cross_entropy.csv, outputs/264/cross_entropy.csv, outputs/265/cross_entropy.csv, outputs/266/cross_entropy.csv, outputs/267/cross_entropy.csv, outputs/268/cross_entropy.csv, outputs/269/cross_entropy.csv, outputs/270/cross_entropy.csv, outputs/271/cross_entropy.csv, outputs/272/cross_entropy.csv, outputs/273/cross_entropy.csv, outputs/274/cross_entropy.csv, outputs/275/cross_entropy.csv, outputs/276/cross_entropy.csv, outputs/277/cross_entropy.csv, outputs/278/cross_entropy.csv, outputs/279/cross_entropy.csv, outputs/280/cross_entropy.csv, outputs/281/cross_entropy.csv, outputs/282/cross_entropy.csv, outputs/283/cross_entropy.csv, outputs/284/cross_entropy.csv, outputs/285/cross_entropy.csv, outputs/286/cross_entropy.csv, outputs/287/cross_entropy.csv, outputs/288/cross_entropy.csv, outputs/289/cross_entropy.csv, outputs/290/cross_entropy.csv, outputs/291/cross_entropy.csv, outputs/1/metrics.csv, outputs/2/metrics.csv, outputs/3/metrics.csv, outputs/4/metrics.csv, outputs/5/metrics.csv, outputs/6/metrics.csv, outputs/7/metrics.csv, outputs/8/metrics.csv, outputs/9/metrics.csv, outputs/10/metrics.csv, outputs/11/metrics.csv, outputs/12/metrics.csv, outputs/13/metrics.csv, outputs/14/metrics.csv, outputs/15/metrics.csv, outputs/16/metrics.csv, outputs/17/metrics.csv, outputs/18/metrics.csv, outputs/19/metrics.csv, outputs/20/metrics.csv, outputs/21/metrics.csv, outputs/22/metrics.csv, outputs/23/metrics.csv, outputs/24/metrics.csv, outputs/25/metrics.csv, outputs/26/metrics.csv, outputs/27/metrics.csv, outputs/28/metrics.csv, outputs/29/metrics.csv, outputs/30/metrics.csv, outputs/31/metrics.csv, outputs/32/metrics.csv, outputs/33/metrics.csv, outputs/34/metrics.csv, outputs/35/metrics.csv, outputs/36/metrics.csv, outputs/37/metrics.csv, outputs/38/metrics.csv, outputs/39/metrics.csv, outputs/40/metrics.csv, outputs/41/metrics.csv, outputs/42/metrics.csv, outputs/43/metrics.csv, outputs/44/metrics.csv, outputs/45/metrics.csv, outputs/46/metrics.csv, outputs/47/metrics.csv, outputs/48/metrics.csv, outputs/49/metrics.csv, outputs/50/metrics.csv, outputs/51/metrics.csv, outputs/52/metrics.csv, outputs/53/metrics.csv, outputs/54/metrics.csv, outputs/55/metrics.csv, outputs/56/metrics.csv, outputs/57/metrics.csv, outputs/58/metrics.csv, outputs/59/metrics.csv, outputs/60/metrics.csv, outputs/61/metrics.csv, outputs/62/metrics.csv, outputs/63/metrics.csv, outputs/64/metrics.csv, outputs/65/metrics.csv, outputs/66/metrics.csv, outputs/67/metrics.csv, outputs/68/metrics.csv, outputs/69/metrics.csv, outputs/70/metrics.csv, outputs/71/metrics.csv, outputs/72/metrics.csv, outputs/73/metrics.csv, outputs/74/metrics.csv, outputs/75/metrics.csv, outputs/76/metrics.csv, outputs/77/metrics.csv, outputs/78/metrics.csv, outputs/79/metrics.csv, outputs/80/metrics.csv, outputs/81/metrics.csv, outputs/82/metrics.csv, outputs/83/metrics.csv, outputs/84/metrics.csv, outputs/85/metrics.csv, outputs/86/metrics.csv, outputs/87/metrics.csv, outputs/88/metrics.csv, outputs/89/metrics.csv, outputs/90/metrics.csv, outputs/91/metrics.csv, outputs/92/metrics.csv, outputs/93/metrics.csv, outputs/94/metrics.csv, outputs/95/metrics.csv, outputs/96/metrics.csv, outputs/97/metrics.csv, outputs/98/metrics.csv, outputs/99/metrics.csv, outputs/100/metrics.csv, outputs/101/metrics.csv, outputs/102/metrics.csv, outputs/103/metrics.csv, outputs/104/metrics.csv, outputs/105/metrics.csv, outputs/106/metrics.csv, outputs/107/metrics.csv, outputs/108/metrics.csv, outputs/109/metrics.csv, outputs/110/metrics.csv, outputs/111/metrics.csv, outputs/112/metrics.csv, outputs/113/metrics.csv, outputs/114/metrics.csv, outputs/115/metrics.csv, outputs/116/metrics.csv, outputs/117/metrics.csv, outputs/118/metrics.csv, outputs/119/metrics.csv, outputs/120/metrics.csv, outputs/121/metrics.csv, outputs/122/metrics.csv, outputs/123/metrics.csv, outputs/124/metrics.csv, outputs/125/metrics.csv, outputs/126/metrics.csv, outputs/127/metrics.csv, outputs/128/metrics.csv, outputs/129/metrics.csv, outputs/130/metrics.csv, outputs/131/metrics.csv, outputs/132/metrics.csv, outputs/133/metrics.csv, outputs/134/metrics.csv, outputs/135/metrics.csv, outputs/136/metrics.csv, outputs/137/metrics.csv, outputs/138/metrics.csv, outputs/139/metrics.csv, outputs/140/metrics.csv, outputs/141/metrics.csv, outputs/142/metrics.csv, outputs/143/metrics.csv, outputs/144/metrics.csv, outputs/145/metrics.csv, outputs/146/metrics.csv, outputs/147/metrics.csv, outputs/148/metrics.csv, outputs/149/metrics.csv, outputs/150/metrics.csv, outputs/151/metrics.csv, outputs/152/metrics.csv, outputs/153/metrics.csv, outputs/154/metrics.csv, outputs/155/metrics.csv, outputs/156/metrics.csv, outputs/157/metrics.csv, outputs/158/metrics.csv, outputs/159/metrics.csv, outputs/160/metrics.csv, outputs/161/metrics.csv, outputs/162/metrics.csv, outputs/163/metrics.csv, outputs/164/metrics.csv, outputs/165/metrics.csv, outputs/166/metrics.csv, outputs/167/metrics.csv, outputs/168/metrics.csv, outputs/169/metrics.csv, outputs/170/metrics.csv, outputs/171/metrics.csv, outputs/172/metrics.csv, outputs/173/metrics.csv, outputs/174/metrics.csv, outputs/175/metrics.csv, outputs/176/metrics.csv, outputs/177/metrics.csv, outputs/178/metrics.csv, outputs/179/metrics.csv, outputs/180/metrics.csv, outputs/181/metrics.csv, outputs/182/metrics.csv, outputs/183/metrics.csv, outputs/184/metrics.csv, outputs/185/metrics.csv, outputs/186/metrics.csv, outputs/187/metrics.csv, outputs/188/metrics.csv, outputs/189/metrics.csv, outputs/190/metrics.csv, outputs/191/metrics.csv, outputs/192/metrics.csv, outputs/193/metrics.csv, outputs/194/metrics.csv, outputs/195/metrics.csv, outputs/196/metrics.csv, outputs/197/metrics.csv, outputs/198/metrics.csv, outputs/199/metrics.csv, outputs/200/metrics.csv, outputs/201/metrics.csv, outputs/202/metrics.csv, outputs/203/metrics.csv, outputs/204/metrics.csv, outputs/205/metrics.csv, outputs/206/metrics.csv, outputs/207/metrics.csv, outputs/208/metrics.csv, outputs/209/metrics.csv, outputs/210/metrics.csv, outputs/211/metrics.csv, outputs/212/metrics.csv, outputs/213/metrics.csv, outputs/214/metrics.csv, outputs/215/metrics.csv, outputs/216/metrics.csv, outputs/217/metrics.csv, outputs/218/metrics.csv, outputs/219/metrics.csv, outputs/220/metrics.csv, outputs/221/metrics.csv, outputs/222/metrics.csv, outputs/223/metrics.csv, outputs/224/metrics.csv, outputs/225/metrics.csv, outputs/226/metrics.csv, outputs/227/metrics.csv, outputs/228/metrics.csv, outputs/229/metrics.csv, outputs/230/metrics.csv, outputs/231/metrics.csv, outputs/232/metrics.csv, outputs/233/metrics.csv, outputs/234/metrics.csv, outputs/235/metrics.csv, outputs/236/metrics.csv, outputs/237/metrics.csv, outputs/238/metrics.csv, outputs/239/metrics.csv, outputs/240/metrics.csv, outputs/241/metrics.csv, outputs/242/metrics.csv, outputs/243/metrics.csv, outputs/244/metrics.csv, outputs/245/metrics.csv, outputs/246/metrics.csv, outputs/247/metrics.csv, outputs/248/metrics.csv, outputs/249/metrics.csv, outputs/250/metrics.csv, outputs/251/metrics.csv, outputs/252/metrics.csv, outputs/253/metrics.csv, outputs/254/metrics.csv, outputs/255/metrics.csv, outputs/256/metrics.csv, outputs/257/metrics.csv, outputs/258/metrics.csv, outputs/259/metrics.csv, outputs/260/metrics.csv, outputs/261/metrics.csv, outputs/262/metrics.csv, outputs/263/metrics.csv, outputs/264/metrics.csv, outputs/265/metrics.csv, outputs/266/metrics.csv, outputs/267/metrics.csv, outputs/268/metrics.csv, outputs/269/metrics.csv, outputs/270/metrics.csv, outputs/271/metrics.csv, outputs/272/metrics.csv, outputs/273/metrics.csv, outputs/274/metrics.csv, outputs/275/metrics.csv, outputs/276/metrics.csv, outputs/277/metrics.csv, outputs/278/metrics.csv, outputs/279/metrics.csv, outputs/280/metrics.csv, outputs/281/metrics.csv, outputs/282/metrics.csv, outputs/283/metrics.csv, outputs/284/metrics.csv, outputs/285/metrics.csv, outputs/286/metrics.csv, outputs/287/metrics.csv, outputs/288/metrics.csv, outputs/289/metrics.csv, outputs/290/metrics.csv, outputs/291/metrics.csv, config_folder/experiments.csv
    output: outputs/statistics.tsv
    jobid: 1

[Tue Apr 23 13:38:15 2024]
Finished job 1.
32 of 33 steps (97%) done

[Tue Apr 23 13:38:15 2024]
localrule all:
    input: outputs/statistics.tsv
    jobid: 0

[Tue Apr 23 13:38:15 2024]
Finished job 0.
33 of 33 steps (100%) done
Complete log: /home/hade/Desktop/bc_thesis/.snakemake/log/2024-04-23T133808.927988.snakemake.log
