Building DAG of jobs...
Using shell: /usr/bin/bash
Provided cores: 8
Rules claiming more threads will be scaled down.
Job counts:
	count	jobs
	1	collect_statistics
	22	train_model
	23

[Fri Apr 19 20:46:24 2024]
rule train_model:
    input: data/gaussian.npy
    output: outputs/58/trained_model.txt, outputs/58/cross_entropy.csv, outputs/58/data_vs_training.svg, outputs/58/metrics.txt
    jobid: 58
    wildcards: id=58


[Fri Apr 19 20:46:24 2024]
rule train_model:
    input: data/gaussian.npy
    output: outputs/42/trained_model.txt, outputs/42/cross_entropy.csv, outputs/42/data_vs_training.svg, outputs/42/metrics.txt
    jobid: 42
    wildcards: id=42


[Fri Apr 19 20:46:24 2024]
rule train_model:
    input: data/gaussian.npy
    output: outputs/57/trained_model.txt, outputs/57/cross_entropy.csv, outputs/57/data_vs_training.svg, outputs/57/metrics.txt
    jobid: 57
    wildcards: id=57


[Fri Apr 19 20:46:24 2024]
rule train_model:
    input: data/gaussian.npy
    output: outputs/41/trained_model.txt, outputs/41/cross_entropy.csv, outputs/41/data_vs_training.svg, outputs/41/metrics.txt
    jobid: 41
    wildcards: id=41


[Fri Apr 19 20:46:24 2024]
rule train_model:
    input: data/gaussian.npy
    output: outputs/53/trained_model.txt, outputs/53/cross_entropy.csv, outputs/53/data_vs_training.svg, outputs/53/metrics.txt
    jobid: 53
    wildcards: id=53


[Fri Apr 19 20:46:24 2024]
rule train_model:
    input: data/gaussian.npy
    output: outputs/55/trained_model.txt, outputs/55/cross_entropy.csv, outputs/55/data_vs_training.svg, outputs/55/metrics.txt
    jobid: 55
    wildcards: id=55


[Fri Apr 19 20:46:24 2024]
rule train_model:
    input: data/gaussian.npy
    output: outputs/43/trained_model.txt, outputs/43/cross_entropy.csv, outputs/43/data_vs_training.svg, outputs/43/metrics.txt
    jobid: 43
    wildcards: id=43


[Fri Apr 19 20:46:24 2024]
rule train_model:
    input: data/gaussian.npy
    output: outputs/50/trained_model.txt, outputs/50/cross_entropy.csv, outputs/50/data_vs_training.svg, outputs/50/metrics.txt
    jobid: 50
    wildcards: id=50

[Fri Apr 19 20:46:32 2024]
Finished job 41.
1 of 23 steps (4%) done

[Fri Apr 19 20:46:32 2024]
rule train_model:
    input: data/gaussian.npy
    output: outputs/60/trained_model.txt, outputs/60/cross_entropy.csv, outputs/60/data_vs_training.svg, outputs/60/metrics.txt
    jobid: 60
    wildcards: id=60

[Fri Apr 19 20:46:33 2024]
Finished job 42.
2 of 23 steps (9%) done

[Fri Apr 19 20:46:33 2024]
rule train_model:
    input: data/gaussian.npy
    output: outputs/54/trained_model.txt, outputs/54/cross_entropy.csv, outputs/54/data_vs_training.svg, outputs/54/metrics.txt
    jobid: 54
    wildcards: id=54

[Fri Apr 19 20:46:35 2024]
Finished job 43.
3 of 23 steps (13%) done

[Fri Apr 19 20:46:35 2024]
rule train_model:
    input: data/gaussian.npy
    output: outputs/52/trained_model.txt, outputs/52/cross_entropy.csv, outputs/52/data_vs_training.svg, outputs/52/metrics.txt
    jobid: 52
    wildcards: id=52

[Fri Apr 19 20:47:02 2024]
Finished job 50.
4 of 23 steps (17%) done

[Fri Apr 19 20:47:02 2024]
rule train_model:
    input: data/gaussian.npy
    output: outputs/48/trained_model.txt, outputs/48/cross_entropy.csv, outputs/48/data_vs_training.svg, outputs/48/metrics.txt
    jobid: 48
    wildcards: id=48

[Fri Apr 19 20:47:54 2024]
Finished job 52.
5 of 23 steps (22%) done

[Fri Apr 19 20:47:54 2024]
rule train_model:
    input: data/gaussian.npy
    output: outputs/46/trained_model.txt, outputs/46/cross_entropy.csv, outputs/46/data_vs_training.svg, outputs/46/metrics.txt
    jobid: 46
    wildcards: id=46

[Fri Apr 19 20:47:59 2024]
Finished job 48.
6 of 23 steps (26%) done

[Fri Apr 19 20:47:59 2024]
rule train_model:
    input: data/gaussian.npy
    output: outputs/59/trained_model.txt, outputs/59/cross_entropy.csv, outputs/59/data_vs_training.svg, outputs/59/metrics.txt
    jobid: 59
    wildcards: id=59

[Fri Apr 19 20:48:21 2024]
Finished job 53.
7 of 23 steps (30%) done

[Fri Apr 19 20:48:21 2024]
rule train_model:
    input: data/gaussian.npy
    output: outputs/56/trained_model.txt, outputs/56/cross_entropy.csv, outputs/56/data_vs_training.svg, outputs/56/metrics.txt
    jobid: 56
    wildcards: id=56

[Fri Apr 19 20:48:28 2024]
Finished job 46.
8 of 23 steps (35%) done

[Fri Apr 19 20:48:28 2024]
rule train_model:
    input: data/gaussian.npy
    output: outputs/49/trained_model.txt, outputs/49/cross_entropy.csv, outputs/49/data_vs_training.svg, outputs/49/metrics.txt
    jobid: 49
    wildcards: id=49

[Fri Apr 19 20:48:57 2024]
Finished job 54.
9 of 23 steps (39%) done

[Fri Apr 19 20:48:57 2024]
rule train_model:
    input: data/gaussian.npy
    output: outputs/61/trained_model.txt, outputs/61/cross_entropy.csv, outputs/61/data_vs_training.svg, outputs/61/metrics.txt
    jobid: 61
    wildcards: id=61

[Fri Apr 19 20:49:38 2024]
Finished job 49.
10 of 23 steps (43%) done

[Fri Apr 19 20:49:38 2024]
rule train_model:
    input: data/gaussian.npy
    output: outputs/47/trained_model.txt, outputs/47/cross_entropy.csv, outputs/47/data_vs_training.svg, outputs/47/metrics.txt
    jobid: 47
    wildcards: id=47

[Fri Apr 19 20:50:15 2024]
Finished job 47.
11 of 23 steps (48%) done

[Fri Apr 19 20:50:15 2024]
rule train_model:
    input: data/gaussian.npy
    output: outputs/45/trained_model.txt, outputs/45/cross_entropy.csv, outputs/45/data_vs_training.svg, outputs/45/metrics.txt
    jobid: 45
    wildcards: id=45

[Fri Apr 19 20:50:49 2024]
Finished job 45.
12 of 23 steps (52%) done

[Fri Apr 19 20:50:49 2024]
rule train_model:
    input: data/gaussian.npy
    output: outputs/44/trained_model.txt, outputs/44/cross_entropy.csv, outputs/44/data_vs_training.svg, outputs/44/metrics.txt
    jobid: 44
    wildcards: id=44

[Fri Apr 19 20:51:13 2024]
Finished job 44.
13 of 23 steps (57%) done

[Fri Apr 19 20:51:13 2024]
rule train_model:
    input: data/gaussian.npy
    output: outputs/51/trained_model.txt, outputs/51/cross_entropy.csv, outputs/51/data_vs_training.svg, outputs/51/metrics.txt
    jobid: 51
    wildcards: id=51

[Fri Apr 19 20:52:27 2024]
Finished job 58.
14 of 23 steps (61%) done

[Fri Apr 19 20:52:27 2024]
rule train_model:
    input: data/gaussian.npy
    output: outputs/62/trained_model.txt, outputs/62/cross_entropy.csv, outputs/62/data_vs_training.svg, outputs/62/metrics.txt
    jobid: 62
    wildcards: id=62

[Fri Apr 19 20:52:29 2024]
Finished job 51.
15 of 23 steps (65%) done
[Fri Apr 19 20:53:36 2024]
Finished job 60.
16 of 23 steps (70%) done
[Fri Apr 19 20:53:37 2024]
Finished job 57.
17 of 23 steps (74%) done
[Fri Apr 19 20:53:49 2024]
Finished job 55.
18 of 23 steps (78%) done
[Fri Apr 19 20:54:10 2024]
Finished job 56.
19 of 23 steps (83%) done
[Fri Apr 19 20:54:11 2024]
Finished job 59.
20 of 23 steps (87%) done
[Fri Apr 19 20:54:30 2024]
Finished job 61.
21 of 23 steps (91%) done
[Fri Apr 19 20:54:46 2024]
Finished job 62.
22 of 23 steps (96%) done

[Fri Apr 19 20:54:46 2024]
rule collect_statistics:
    input: outputs/1/cross_entropy.csv, outputs/2/cross_entropy.csv, outputs/3/cross_entropy.csv, outputs/4/cross_entropy.csv, outputs/5/cross_entropy.csv, outputs/6/cross_entropy.csv, outputs/7/cross_entropy.csv, outputs/8/cross_entropy.csv, outputs/9/cross_entropy.csv, outputs/10/cross_entropy.csv, outputs/11/cross_entropy.csv, outputs/12/cross_entropy.csv, outputs/13/cross_entropy.csv, outputs/14/cross_entropy.csv, outputs/15/cross_entropy.csv, outputs/16/cross_entropy.csv, outputs/17/cross_entropy.csv, outputs/18/cross_entropy.csv, outputs/19/cross_entropy.csv, outputs/20/cross_entropy.csv, outputs/21/cross_entropy.csv, outputs/22/cross_entropy.csv, outputs/23/cross_entropy.csv, outputs/24/cross_entropy.csv, outputs/25/cross_entropy.csv, outputs/26/cross_entropy.csv, outputs/27/cross_entropy.csv, outputs/28/cross_entropy.csv, outputs/29/cross_entropy.csv, outputs/30/cross_entropy.csv, outputs/31/cross_entropy.csv, outputs/32/cross_entropy.csv, outputs/33/cross_entropy.csv, outputs/34/cross_entropy.csv, outputs/35/cross_entropy.csv, outputs/36/cross_entropy.csv, outputs/37/cross_entropy.csv, outputs/38/cross_entropy.csv, outputs/39/cross_entropy.csv, outputs/40/cross_entropy.csv, outputs/41/cross_entropy.csv, outputs/42/cross_entropy.csv, outputs/43/cross_entropy.csv, outputs/44/cross_entropy.csv, outputs/45/cross_entropy.csv, outputs/46/cross_entropy.csv, outputs/47/cross_entropy.csv, outputs/48/cross_entropy.csv, outputs/49/cross_entropy.csv, outputs/50/cross_entropy.csv, outputs/51/cross_entropy.csv, outputs/52/cross_entropy.csv, outputs/53/cross_entropy.csv, outputs/54/cross_entropy.csv, outputs/55/cross_entropy.csv, outputs/56/cross_entropy.csv, outputs/57/cross_entropy.csv, outputs/58/cross_entropy.csv, outputs/59/cross_entropy.csv, outputs/60/cross_entropy.csv, outputs/61/cross_entropy.csv, outputs/62/cross_entropy.csv, outputs/1/metrics.txt, outputs/2/metrics.txt, outputs/3/metrics.txt, outputs/4/metrics.txt, outputs/5/metrics.txt, outputs/6/metrics.txt, outputs/7/metrics.txt, outputs/8/metrics.txt, outputs/9/metrics.txt, outputs/10/metrics.txt, outputs/11/metrics.txt, outputs/12/metrics.txt, outputs/13/metrics.txt, outputs/14/metrics.txt, outputs/15/metrics.txt, outputs/16/metrics.txt, outputs/17/metrics.txt, outputs/18/metrics.txt, outputs/19/metrics.txt, outputs/20/metrics.txt, outputs/21/metrics.txt, outputs/22/metrics.txt, outputs/23/metrics.txt, outputs/24/metrics.txt, outputs/25/metrics.txt, outputs/26/metrics.txt, outputs/27/metrics.txt, outputs/28/metrics.txt, outputs/29/metrics.txt, outputs/30/metrics.txt, outputs/31/metrics.txt, outputs/32/metrics.txt, outputs/33/metrics.txt, outputs/34/metrics.txt, outputs/35/metrics.txt, outputs/36/metrics.txt, outputs/37/metrics.txt, outputs/38/metrics.txt, outputs/39/metrics.txt, outputs/40/metrics.txt, outputs/41/metrics.txt, outputs/42/metrics.txt, outputs/43/metrics.txt, outputs/44/metrics.txt, outputs/45/metrics.txt, outputs/46/metrics.txt, outputs/47/metrics.txt, outputs/48/metrics.txt, outputs/49/metrics.txt, outputs/50/metrics.txt, outputs/51/metrics.txt, outputs/52/metrics.txt, outputs/53/metrics.txt, outputs/54/metrics.txt, outputs/55/metrics.txt, outputs/56/metrics.txt, outputs/57/metrics.txt, outputs/58/metrics.txt, outputs/59/metrics.txt, outputs/60/metrics.txt, outputs/61/metrics.txt, outputs/62/metrics.txt, config_folder/experiments.csv
    output: outputs/statistics.tsv
    jobid: 0

[Fri Apr 19 20:54:46 2024]
Finished job 0.
23 of 23 steps (100%) done
Complete log: /home/hade/Desktop/bc_thesis/.snakemake/log/2024-04-19T204624.418823.snakemake.log
