Building DAG of jobs...
Using shell: /usr/bin/bash
Provided cores: 8
Rules claiming more threads will be scaled down.
Job stats:
job            count
-----------  -------
train_model        1
total              1

Select jobs to execute...
Execute 1 jobs...

[Sat Apr 20 16:34:13 2024]
localrule train_model:
    input: data/bimodal.npy
    output: outputs/67/trained_model.txt, outputs/67/cross_entropy.csv, outputs/67/data_vs_training.svg, outputs/67/metrics.txt
    jobid: 0
    reason: Params have changed since last execution
    wildcards: id=67
    resources: tmpdir=/tmp

[Sat Apr 20 16:34:15 2024]
Finished job 0.
1 of 1 steps (100%) done
Complete log: .snakemake/log/2024-04-20T163413.278258.snakemake.log
