Building DAG of jobs...
Using shell: /usr/bin/bash
Provided cores: 8
Rules claiming more threads will be scaled down.
Job counts:
	count	jobs
	1	all
	15	train_model
	16

[Thu Apr 18 14:22:07 2024]
rule train_model:
    input: data/gaussian.npy
    output: 3_output/data_vs_training.svg, 3_output/cross_entropy.npy, 3_output/trained_model.txt
    jobid: 3
    wildcards: setup=3

Waiting at most 5 seconds for missing files.
MissingOutputException in line 27 of /home/hade/Desktop/bc_thesis/Snakefile:
Missing files after 5 seconds:
3_output/data_vs_training.svg
3_output/cross_entropy.npy
3_output/trained_model.txt
This might be due to filesystem latency. If that is the case, consider to increase the wait time with --latency-wait.

[Thu Apr 18 14:22:12 2024]
rule train_model:
    input: data/gaussian.npy
    output: 7_output/data_vs_training.svg, 7_output/cross_entropy.npy, 7_output/trained_model.txt
    jobid: 7
    wildcards: setup=7


[Thu Apr 18 14:22:12 2024]
rule train_model:
    input: data/gaussian.npy
    output: 8_output/data_vs_training.svg, 8_output/cross_entropy.npy, 8_output/trained_model.txt
    jobid: 8
    wildcards: setup=8


[Thu Apr 18 14:22:12 2024]
rule train_model:
    input: data/gaussian.npy
    output: 10_output/data_vs_training.svg, 10_output/cross_entropy.npy, 10_output/trained_model.txt
    jobid: 10
    wildcards: setup=10
Waiting at most 5 seconds for missing files.


[Thu Apr 18 14:22:12 2024]
rule train_model:
    input: data/gaussian.npy
    output: 5_output/data_vs_training.svg, 5_output/cross_entropy.npy, 5_output/trained_model.txt
    jobid: 5
    wildcards: setup=5


[Thu Apr 18 14:22:12 2024]
rule train_model:
    input: data/gaussian.npy
    output: 12_output/data_vs_training.svg, 12_output/cross_entropy.npy, 12_output/trained_model.txt
    jobid: 12
    wildcards: setup=12


[Thu Apr 18 14:22:12 2024]
rule train_model:
    input: data/gaussian.npy
    output: 4_output/data_vs_training.svg, 4_output/cross_entropy.npy, 4_output/trained_model.txt
    jobid: 4
    wildcards: setup=4


[Thu Apr 18 14:22:12 2024]
rule train_model:
    input: data/gaussian.npy
    output: 13_output/data_vs_training.svg, 13_output/cross_entropy.npy, 13_output/trained_model.txt
    jobid: 13
    wildcards: setup=13

MissingOutputException in line 27 of /home/hade/Desktop/bc_thesis/Snakefile:
Missing files after 5 seconds:
7_output/data_vs_training.svg
7_output/cross_entropy.npy
7_output/trained_model.txt
This might be due to filesystem latency. If that is the case, consider to increase the wait time with --latency-wait.
Waiting at most 5 seconds for missing files.
MissingOutputException in line 27 of /home/hade/Desktop/bc_thesis/Snakefile:
Missing files after 5 seconds:
8_output/data_vs_training.svg
8_output/cross_entropy.npy
8_output/trained_model.txt
This might be due to filesystem latency. If that is the case, consider to increase the wait time with --latency-wait.
Waiting at most 5 seconds for missing files.
Terminating processes on user request, this might take some time.
MissingOutputException in line 27 of /home/hade/Desktop/bc_thesis/Snakefile:
Missing files after 5 seconds:
10_output/data_vs_training.svg
10_output/cross_entropy.npy
10_output/trained_model.txt
This might be due to filesystem latency. If that is the case, consider to increase the wait time with --latency-wait.
Waiting at most 5 seconds for missing files.
Cancelling snakemake on user request.
