Building DAG of jobs...
Using shell: /usr/bin/bash
Provided cores: 8
Rules claiming more threads will be scaled down.
Job counts:
	count	jobs
	1	collect_statistics
	14	train_model
	15

[Fri Apr 19 13:34:08 2024]
rule train_model:
    input: data/gaussian.npy
    output: outputs/9/trained_model.txt, outputs/9/cross_entropy.csv, outputs/9/data_vs_training.svg, outputs/9/metrics.txt
    jobid: 9
    wildcards: id=9


[Fri Apr 19 13:34:08 2024]
rule train_model:
    input: data/gaussian.npy
    output: outputs/11/trained_model.txt, outputs/11/cross_entropy.csv, outputs/11/data_vs_training.svg, outputs/11/metrics.txt
    jobid: 11
    wildcards: id=11


[Fri Apr 19 13:34:08 2024]
rule train_model:
    input: data/gaussian.npy
    output: outputs/10/trained_model.txt, outputs/10/cross_entropy.csv, outputs/10/data_vs_training.svg, outputs/10/metrics.txt
    jobid: 10
    wildcards: id=10


[Fri Apr 19 13:34:08 2024]
rule train_model:
    input: data/gaussian.npy
    output: outputs/1/trained_model.txt, outputs/1/cross_entropy.csv, outputs/1/data_vs_training.svg, outputs/1/metrics.txt
    jobid: 1
    wildcards: id=1


[Fri Apr 19 13:34:08 2024]
rule train_model:
    input: data/gaussian.npy
    output: outputs/5/trained_model.txt, outputs/5/cross_entropy.csv, outputs/5/data_vs_training.svg, outputs/5/metrics.txt
    jobid: 5
    wildcards: id=5


[Fri Apr 19 13:34:08 2024]
rule train_model:
    input: data/gaussian.npy
    output: outputs/2/trained_model.txt, outputs/2/cross_entropy.csv, outputs/2/data_vs_training.svg, outputs/2/metrics.txt
    jobid: 2
    wildcards: id=2


[Fri Apr 19 13:34:08 2024]
rule train_model:
    input: data/gaussian.npy
    output: outputs/12/trained_model.txt, outputs/12/cross_entropy.csv, outputs/12/data_vs_training.svg, outputs/12/metrics.txt
    jobid: 12
    wildcards: id=12


[Fri Apr 19 13:34:09 2024]
rule train_model:
    input: data/gaussian.npy
    output: outputs/14/trained_model.txt, outputs/14/cross_entropy.csv, outputs/14/data_vs_training.svg, outputs/14/metrics.txt
    jobid: 14
    wildcards: id=14

[Fri Apr 19 13:34:12 2024]
Finished job 2.
1 of 15 steps (7%) done

[Fri Apr 19 13:34:12 2024]
rule train_model:
    input: data/gaussian.npy
    output: outputs/6/trained_model.txt, outputs/6/cross_entropy.csv, outputs/6/data_vs_training.svg, outputs/6/metrics.txt
    jobid: 6
    wildcards: id=6

[Fri Apr 19 13:34:12 2024]
Finished job 1.
2 of 15 steps (13%) done

[Fri Apr 19 13:34:12 2024]
rule train_model:
    input: data/gaussian.npy
    output: outputs/7/trained_model.txt, outputs/7/cross_entropy.csv, outputs/7/data_vs_training.svg, outputs/7/metrics.txt
    jobid: 7
    wildcards: id=7

[Fri Apr 19 13:34:13 2024]
Finished job 9.
3 of 15 steps (20%) done

[Fri Apr 19 13:34:13 2024]
rule train_model:
    input: data/gaussian.npy
    output: outputs/8/trained_model.txt, outputs/8/cross_entropy.csv, outputs/8/data_vs_training.svg, outputs/8/metrics.txt
    jobid: 8
    wildcards: id=8

[Fri Apr 19 13:34:13 2024]
Finished job 5.
4 of 15 steps (27%) done

[Fri Apr 19 13:34:13 2024]
rule train_model:
    input: data/gaussian.npy
    output: outputs/15/trained_model.txt, outputs/15/cross_entropy.csv, outputs/15/data_vs_training.svg, outputs/15/metrics.txt
    jobid: 15
    wildcards: id=15

[Fri Apr 19 13:34:13 2024]
Finished job 10.
5 of 15 steps (33%) done

[Fri Apr 19 13:34:13 2024]
rule train_model:
    input: data/gaussian.npy
    output: outputs/13/trained_model.txt, outputs/13/cross_entropy.csv, outputs/13/data_vs_training.svg, outputs/13/metrics.txt
    jobid: 13
    wildcards: id=13

[Fri Apr 19 13:34:14 2024]
Finished job 12.
6 of 15 steps (40%) done

[Fri Apr 19 13:34:14 2024]
rule train_model:
    input: data/gaussian.npy
    output: outputs/4/trained_model.txt, outputs/4/cross_entropy.csv, outputs/4/data_vs_training.svg, outputs/4/metrics.txt
    jobid: 4
    wildcards: id=4

[Fri Apr 19 13:34:14 2024]
Finished job 11.
7 of 15 steps (47%) done
[Fri Apr 19 13:34:15 2024]
Finished job 14.
8 of 15 steps (53%) done
[Fri Apr 19 13:34:17 2024]
Finished job 7.
9 of 15 steps (60%) done
[Fri Apr 19 13:34:18 2024]
Finished job 8.
10 of 15 steps (67%) done
[Fri Apr 19 13:34:18 2024]
Finished job 6.
11 of 15 steps (73%) done
[Fri Apr 19 13:34:18 2024]
Finished job 4.
12 of 15 steps (80%) done
[Fri Apr 19 13:34:18 2024]
Finished job 15.
13 of 15 steps (87%) done
[Fri Apr 19 13:34:18 2024]
Finished job 13.
14 of 15 steps (93%) done

[Fri Apr 19 13:34:18 2024]
rule collect_statistics:
    input: outputs/1/cross_entropy.csv, outputs/2/cross_entropy.csv, outputs/3/cross_entropy.csv, outputs/4/cross_entropy.csv, outputs/5/cross_entropy.csv, outputs/6/cross_entropy.csv, outputs/7/cross_entropy.csv, outputs/8/cross_entropy.csv, outputs/9/cross_entropy.csv, outputs/10/cross_entropy.csv, outputs/11/cross_entropy.csv, outputs/12/cross_entropy.csv, outputs/13/cross_entropy.csv, outputs/14/cross_entropy.csv, outputs/15/cross_entropy.csv, config_folder/experiments.csv
    output: outputs/statistics.tsv
    jobid: 0

Shutting down, this might take some time.
Exiting because a job execution failed. Look above for error message
Complete log: /home/hade/Desktop/bc_thesis/.snakemake/log/2024-04-19T133408.621240.snakemake.log
