Building DAG of jobs...
Using shell: /usr/bin/bash
Provided cores: 8
Rules claiming more threads will be scaled down.
Job counts:
	count	jobs
	1	collect_statistics
	29	train_model
	30

[Sat Apr 20 11:22:29 2024]
rule train_model:
    input: data/bimodal.npy
    output: outputs/64/trained_model.txt, outputs/64/cross_entropy.csv, outputs/64/data_vs_training.svg, outputs/64/metrics.txt
    jobid: 64
    wildcards: id=64


[Sat Apr 20 11:22:29 2024]
rule train_model:
    input: data/bimodal.npy
    output: outputs/92/trained_model.txt, outputs/92/cross_entropy.csv, outputs/92/data_vs_training.svg, outputs/92/metrics.txt
    jobid: 92
    wildcards: id=92


[Sat Apr 20 11:22:29 2024]
rule train_model:
    input: data/bimodal.npy
    output: outputs/90/trained_model.txt, outputs/90/cross_entropy.csv, outputs/90/data_vs_training.svg, outputs/90/metrics.txt
    jobid: 90
    wildcards: id=90


[Sat Apr 20 11:22:29 2024]
rule train_model:
    input: data/bimodal.npy
    output: outputs/85/trained_model.txt, outputs/85/cross_entropy.csv, outputs/85/data_vs_training.svg, outputs/85/metrics.txt
    jobid: 85
    wildcards: id=85


[Sat Apr 20 11:22:29 2024]
rule train_model:
    input: data/bimodal.npy
    output: outputs/84/trained_model.txt, outputs/84/cross_entropy.csv, outputs/84/data_vs_training.svg, outputs/84/metrics.txt
    jobid: 84
    wildcards: id=84


[Sat Apr 20 11:22:29 2024]
rule train_model:
    input: data/bimodal.npy
    output: outputs/73/trained_model.txt, outputs/73/cross_entropy.csv, outputs/73/data_vs_training.svg, outputs/73/metrics.txt
    jobid: 73
    wildcards: id=73


[Sat Apr 20 11:22:29 2024]
rule train_model:
    input: data/bimodal.npy
    output: outputs/69/trained_model.txt, outputs/69/cross_entropy.csv, outputs/69/data_vs_training.svg, outputs/69/metrics.txt
    jobid: 69
    wildcards: id=69


[Sat Apr 20 11:22:29 2024]
rule train_model:
    input: data/bimodal.npy
    output: outputs/74/trained_model.txt, outputs/74/cross_entropy.csv, outputs/74/data_vs_training.svg, outputs/74/metrics.txt
    jobid: 74
    wildcards: id=74

[Sat Apr 20 11:22:39 2024]
Finished job 74.
1 of 30 steps (3%) done
[Sat Apr 20 11:22:39 2024]
Finished job 73.
2 of 30 steps (7%) done
[Sat Apr 20 11:22:39 2024]
Finished job 64.
3 of 30 steps (10%) done

[Sat Apr 20 11:22:39 2024]
rule train_model:
    input: data/bimodal.npy
    output: outputs/81/trained_model.txt, outputs/81/cross_entropy.csv, outputs/81/data_vs_training.svg, outputs/81/metrics.txt
    jobid: 81
    wildcards: id=81


[Sat Apr 20 11:22:39 2024]
rule train_model:
    input: data/bimodal.npy
    output: outputs/80/trained_model.txt, outputs/80/cross_entropy.csv, outputs/80/data_vs_training.svg, outputs/80/metrics.txt
    jobid: 80
    wildcards: id=80


[Sat Apr 20 11:22:39 2024]
rule train_model:
    input: data/bimodal.npy
    output: outputs/87/trained_model.txt, outputs/87/cross_entropy.csv, outputs/87/data_vs_training.svg, outputs/87/metrics.txt
    jobid: 87
    wildcards: id=87

[Sat Apr 20 11:22:43 2024]
Finished job 69.
4 of 30 steps (13%) done

[Sat Apr 20 11:22:43 2024]
rule train_model:
    input: data/bimodal.npy
    output: outputs/88/trained_model.txt, outputs/88/cross_entropy.csv, outputs/88/data_vs_training.svg, outputs/88/metrics.txt
    jobid: 88
    wildcards: id=88

[Sat Apr 20 11:22:50 2024]
Finished job 84.
5 of 30 steps (17%) done

[Sat Apr 20 11:22:50 2024]
rule train_model:
    input: data/bimodal.npy
    output: outputs/68/trained_model.txt, outputs/68/cross_entropy.csv, outputs/68/data_vs_training.svg, outputs/68/metrics.txt
    jobid: 68
    wildcards: id=68

[Sat Apr 20 11:22:59 2024]
Finished job 80.
6 of 30 steps (20%) done

[Sat Apr 20 11:22:59 2024]
rule train_model:
    input: data/bimodal.npy
    output: outputs/82/trained_model.txt, outputs/82/cross_entropy.csv, outputs/82/data_vs_training.svg, outputs/82/metrics.txt
    jobid: 82
    wildcards: id=82

[Sat Apr 20 11:23:01 2024]
Finished job 81.
7 of 30 steps (23%) done

[Sat Apr 20 11:23:01 2024]
rule train_model:
    input: data/bimodal.npy
    output: outputs/78/trained_model.txt, outputs/78/cross_entropy.csv, outputs/78/data_vs_training.svg, outputs/78/metrics.txt
    jobid: 78
    wildcards: id=78

[Sat Apr 20 11:23:04 2024]
Finished job 68.
8 of 30 steps (27%) done

[Sat Apr 20 11:23:04 2024]
rule train_model:
    input: data/bimodal.npy
    output: outputs/77/trained_model.txt, outputs/77/cross_entropy.csv, outputs/77/data_vs_training.svg, outputs/77/metrics.txt
    jobid: 77
    wildcards: id=77

[Sat Apr 20 11:23:13 2024]
Finished job 78.
9 of 30 steps (30%) done

[Sat Apr 20 11:23:13 2024]
rule train_model:
    input: data/bimodal.npy
    output: outputs/75/trained_model.txt, outputs/75/cross_entropy.csv, outputs/75/data_vs_training.svg, outputs/75/metrics.txt
    jobid: 75
    wildcards: id=75

[Sat Apr 20 11:23:16 2024]
Finished job 77.
10 of 30 steps (33%) done

[Sat Apr 20 11:23:16 2024]
rule train_model:
    input: data/bimodal.npy
    output: outputs/71/trained_model.txt, outputs/71/cross_entropy.csv, outputs/71/data_vs_training.svg, outputs/71/metrics.txt
    jobid: 71
    wildcards: id=71

[Sat Apr 20 11:23:23 2024]
Finished job 75.
11 of 30 steps (37%) done

[Sat Apr 20 11:23:23 2024]
rule train_model:
    input: data/bimodal.npy
    output: outputs/79/trained_model.txt, outputs/79/cross_entropy.csv, outputs/79/data_vs_training.svg, outputs/79/metrics.txt
    jobid: 79
    wildcards: id=79

[Sat Apr 20 11:23:23 2024]
Finished job 82.
12 of 30 steps (40%) done

[Sat Apr 20 11:23:23 2024]
rule train_model:
    input: data/bimodal.npy
    output: outputs/72/trained_model.txt, outputs/72/cross_entropy.csv, outputs/72/data_vs_training.svg, outputs/72/metrics.txt
    jobid: 72
    wildcards: id=72

[Sat Apr 20 11:23:25 2024]
Finished job 87.
13 of 30 steps (43%) done

[Sat Apr 20 11:23:25 2024]
rule train_model:
    input: data/bimodal.npy
    output: outputs/70/trained_model.txt, outputs/70/cross_entropy.csv, outputs/70/data_vs_training.svg, outputs/70/metrics.txt
    jobid: 70
    wildcards: id=70

[Sat Apr 20 11:23:26 2024]
Finished job 71.
14 of 30 steps (47%) done

[Sat Apr 20 11:23:26 2024]
rule train_model:
    input: data/bimodal.npy
    output: outputs/63/trained_model.txt, outputs/63/cross_entropy.csv, outputs/63/data_vs_training.svg, outputs/63/metrics.txt
    jobid: 63
    wildcards: id=63

[Sat Apr 20 11:23:29 2024]
Finished job 88.
15 of 30 steps (50%) done

[Sat Apr 20 11:23:29 2024]
rule train_model:
    input: data/bimodal.npy
    output: outputs/91/trained_model.txt, outputs/91/cross_entropy.csv, outputs/91/data_vs_training.svg, outputs/91/metrics.txt
    jobid: 91
    wildcards: id=91

[Sat Apr 20 11:23:31 2024]
Finished job 79.
16 of 30 steps (53%) done

[Sat Apr 20 11:23:31 2024]
rule train_model:
    input: data/bimodal.npy
    output: outputs/76/trained_model.txt, outputs/76/cross_entropy.csv, outputs/76/data_vs_training.svg, outputs/76/metrics.txt
    jobid: 76
    wildcards: id=76

[Sat Apr 20 11:23:32 2024]
Finished job 63.
17 of 30 steps (57%) done

[Sat Apr 20 11:23:32 2024]
rule train_model:
    input: data/bimodal.npy
    output: outputs/86/trained_model.txt, outputs/86/cross_entropy.csv, outputs/86/data_vs_training.svg, outputs/86/metrics.txt
    jobid: 86
    wildcards: id=86

[Sat Apr 20 11:23:34 2024]
Finished job 72.
18 of 30 steps (60%) done

[Sat Apr 20 11:23:34 2024]
rule train_model:
    input: data/bimodal.npy
    output: outputs/66/trained_model.txt, outputs/66/cross_entropy.csv, outputs/66/data_vs_training.svg, outputs/66/metrics.txt
    jobid: 66
    wildcards: id=66

[Sat Apr 20 11:23:38 2024]
Finished job 85.
19 of 30 steps (63%) done

[Sat Apr 20 11:23:38 2024]
rule train_model:
    input: data/bimodal.npy
    output: outputs/89/trained_model.txt, outputs/89/cross_entropy.csv, outputs/89/data_vs_training.svg, outputs/89/metrics.txt
    jobid: 89
    wildcards: id=89

[Sat Apr 20 11:23:40 2024]
Finished job 70.
20 of 30 steps (67%) done

[Sat Apr 20 11:23:40 2024]
rule train_model:
    input: data/bimodal.npy
    output: outputs/83/trained_model.txt, outputs/83/cross_entropy.csv, outputs/83/data_vs_training.svg, outputs/83/metrics.txt
    jobid: 83
    wildcards: id=83

[Sat Apr 20 11:23:45 2024]
Finished job 76.
21 of 30 steps (70%) done

[Sat Apr 20 11:23:45 2024]
rule train_model:
    input: data/bimodal.npy
    output: outputs/65/trained_model.txt, outputs/65/cross_entropy.csv, outputs/65/data_vs_training.svg, outputs/65/metrics.txt
    jobid: 65
    wildcards: id=65

[Sat Apr 20 11:23:47 2024]
Finished job 66.
22 of 30 steps (73%) done
[Sat Apr 20 11:23:58 2024]
Finished job 65.
23 of 30 steps (77%) done
[Sat Apr 20 11:24:01 2024]
Finished job 86.
24 of 30 steps (80%) done
[Sat Apr 20 11:24:04 2024]
Finished job 89.
25 of 30 steps (83%) done
[Sat Apr 20 11:24:05 2024]
Finished job 83.
26 of 30 steps (87%) done
[Sat Apr 20 11:24:57 2024]
Finished job 90.
27 of 30 steps (90%) done
[Sat Apr 20 11:24:59 2024]
Finished job 91.
28 of 30 steps (93%) done
[Sat Apr 20 11:25:20 2024]
Finished job 92.
29 of 30 steps (97%) done

[Sat Apr 20 11:25:20 2024]
rule collect_statistics:
    input: outputs/1/cross_entropy.csv, outputs/2/cross_entropy.csv, outputs/3/cross_entropy.csv, outputs/4/cross_entropy.csv, outputs/5/cross_entropy.csv, outputs/6/cross_entropy.csv, outputs/7/cross_entropy.csv, outputs/8/cross_entropy.csv, outputs/9/cross_entropy.csv, outputs/10/cross_entropy.csv, outputs/11/cross_entropy.csv, outputs/12/cross_entropy.csv, outputs/13/cross_entropy.csv, outputs/14/cross_entropy.csv, outputs/15/cross_entropy.csv, outputs/16/cross_entropy.csv, outputs/17/cross_entropy.csv, outputs/18/cross_entropy.csv, outputs/19/cross_entropy.csv, outputs/20/cross_entropy.csv, outputs/21/cross_entropy.csv, outputs/22/cross_entropy.csv, outputs/23/cross_entropy.csv, outputs/24/cross_entropy.csv, outputs/25/cross_entropy.csv, outputs/26/cross_entropy.csv, outputs/27/cross_entropy.csv, outputs/28/cross_entropy.csv, outputs/29/cross_entropy.csv, outputs/30/cross_entropy.csv, outputs/31/cross_entropy.csv, outputs/32/cross_entropy.csv, outputs/33/cross_entropy.csv, outputs/34/cross_entropy.csv, outputs/35/cross_entropy.csv, outputs/36/cross_entropy.csv, outputs/37/cross_entropy.csv, outputs/38/cross_entropy.csv, outputs/39/cross_entropy.csv, outputs/40/cross_entropy.csv, outputs/41/cross_entropy.csv, outputs/42/cross_entropy.csv, outputs/43/cross_entropy.csv, outputs/44/cross_entropy.csv, outputs/45/cross_entropy.csv, outputs/46/cross_entropy.csv, outputs/47/cross_entropy.csv, outputs/48/cross_entropy.csv, outputs/49/cross_entropy.csv, outputs/50/cross_entropy.csv, outputs/51/cross_entropy.csv, outputs/52/cross_entropy.csv, outputs/53/cross_entropy.csv, outputs/54/cross_entropy.csv, outputs/55/cross_entropy.csv, outputs/56/cross_entropy.csv, outputs/57/cross_entropy.csv, outputs/58/cross_entropy.csv, outputs/59/cross_entropy.csv, outputs/60/cross_entropy.csv, outputs/61/cross_entropy.csv, outputs/62/cross_entropy.csv, outputs/63/cross_entropy.csv, outputs/64/cross_entropy.csv, outputs/65/cross_entropy.csv, outputs/66/cross_entropy.csv, outputs/67/cross_entropy.csv, outputs/68/cross_entropy.csv, outputs/69/cross_entropy.csv, outputs/70/cross_entropy.csv, outputs/71/cross_entropy.csv, outputs/72/cross_entropy.csv, outputs/73/cross_entropy.csv, outputs/74/cross_entropy.csv, outputs/75/cross_entropy.csv, outputs/76/cross_entropy.csv, outputs/77/cross_entropy.csv, outputs/78/cross_entropy.csv, outputs/79/cross_entropy.csv, outputs/80/cross_entropy.csv, outputs/81/cross_entropy.csv, outputs/82/cross_entropy.csv, outputs/83/cross_entropy.csv, outputs/84/cross_entropy.csv, outputs/85/cross_entropy.csv, outputs/86/cross_entropy.csv, outputs/87/cross_entropy.csv, outputs/88/cross_entropy.csv, outputs/89/cross_entropy.csv, outputs/90/cross_entropy.csv, outputs/91/cross_entropy.csv, outputs/92/cross_entropy.csv, outputs/1/metrics.txt, outputs/2/metrics.txt, outputs/3/metrics.txt, outputs/4/metrics.txt, outputs/5/metrics.txt, outputs/6/metrics.txt, outputs/7/metrics.txt, outputs/8/metrics.txt, outputs/9/metrics.txt, outputs/10/metrics.txt, outputs/11/metrics.txt, outputs/12/metrics.txt, outputs/13/metrics.txt, outputs/14/metrics.txt, outputs/15/metrics.txt, outputs/16/metrics.txt, outputs/17/metrics.txt, outputs/18/metrics.txt, outputs/19/metrics.txt, outputs/20/metrics.txt, outputs/21/metrics.txt, outputs/22/metrics.txt, outputs/23/metrics.txt, outputs/24/metrics.txt, outputs/25/metrics.txt, outputs/26/metrics.txt, outputs/27/metrics.txt, outputs/28/metrics.txt, outputs/29/metrics.txt, outputs/30/metrics.txt, outputs/31/metrics.txt, outputs/32/metrics.txt, outputs/33/metrics.txt, outputs/34/metrics.txt, outputs/35/metrics.txt, outputs/36/metrics.txt, outputs/37/metrics.txt, outputs/38/metrics.txt, outputs/39/metrics.txt, outputs/40/metrics.txt, outputs/41/metrics.txt, outputs/42/metrics.txt, outputs/43/metrics.txt, outputs/44/metrics.txt, outputs/45/metrics.txt, outputs/46/metrics.txt, outputs/47/metrics.txt, outputs/48/metrics.txt, outputs/49/metrics.txt, outputs/50/metrics.txt, outputs/51/metrics.txt, outputs/52/metrics.txt, outputs/53/metrics.txt, outputs/54/metrics.txt, outputs/55/metrics.txt, outputs/56/metrics.txt, outputs/57/metrics.txt, outputs/58/metrics.txt, outputs/59/metrics.txt, outputs/60/metrics.txt, outputs/61/metrics.txt, outputs/62/metrics.txt, outputs/63/metrics.txt, outputs/64/metrics.txt, outputs/65/metrics.txt, outputs/66/metrics.txt, outputs/67/metrics.txt, outputs/68/metrics.txt, outputs/69/metrics.txt, outputs/70/metrics.txt, outputs/71/metrics.txt, outputs/72/metrics.txt, outputs/73/metrics.txt, outputs/74/metrics.txt, outputs/75/metrics.txt, outputs/76/metrics.txt, outputs/77/metrics.txt, outputs/78/metrics.txt, outputs/79/metrics.txt, outputs/80/metrics.txt, outputs/81/metrics.txt, outputs/82/metrics.txt, outputs/83/metrics.txt, outputs/84/metrics.txt, outputs/85/metrics.txt, outputs/86/metrics.txt, outputs/87/metrics.txt, outputs/88/metrics.txt, outputs/89/metrics.txt, outputs/90/metrics.txt, outputs/91/metrics.txt, outputs/92/metrics.txt, config_folder/experiments.csv
    output: outputs/statistics.tsv
    jobid: 0

[Sat Apr 20 11:25:21 2024]
Finished job 0.
30 of 30 steps (100%) done
Complete log: /home/hade/Desktop/bc_thesis/.snakemake/log/2024-04-20T112228.863955.snakemake.log
