Building DAG of jobs...
Using shell: /usr/bin/bash
Provided cores: 8
Rules claiming more threads will be scaled down.
Job counts:
	count	jobs
	1	collect_statistics
	260	time_mem_to_csv
	261

[Tue Apr 23 09:59:17 2024]
rule time_mem_to_csv:
    input: outputs/249/metrics.txt
    output: outputs/249/metrics.csv
    jobid: 509
    wildcards: id=249


[Tue Apr 23 09:59:17 2024]
rule time_mem_to_csv:
    input: outputs/248/metrics.txt
    output: outputs/248/metrics.csv
    jobid: 508
    wildcards: id=248


[Tue Apr 23 09:59:17 2024]
rule time_mem_to_csv:
    input: outputs/251/metrics.txt
    output: outputs/251/metrics.csv
    jobid: 511
    wildcards: id=251


[Tue Apr 23 09:59:17 2024]
rule time_mem_to_csv:
    input: outputs/250/metrics.txt
    output: outputs/250/metrics.csv
    jobid: 510
    wildcards: id=250


[Tue Apr 23 09:59:17 2024]
rule time_mem_to_csv:
    input: outputs/253/metrics.txt
    output: outputs/253/metrics.csv
    jobid: 513
    wildcards: id=253


[Tue Apr 23 09:59:17 2024]
rule time_mem_to_csv:
    input: outputs/255/metrics.txt
    output: outputs/255/metrics.csv
    jobid: 515
    wildcards: id=255


[Tue Apr 23 09:59:17 2024]
rule time_mem_to_csv:
    input: outputs/259/metrics.txt
    output: outputs/259/metrics.csv
    jobid: 519
    wildcards: id=259


[Tue Apr 23 09:59:17 2024]
rule time_mem_to_csv:
    input: outputs/260/metrics.txt
    output: outputs/260/metrics.csv
    jobid: 520
    wildcards: id=260

[Tue Apr 23 09:59:18 2024]
Finished job 510.
1 of 261 steps (0.38%) done

[Tue Apr 23 09:59:18 2024]
rule time_mem_to_csv:
    input: outputs/258/metrics.txt
    output: outputs/258/metrics.csv
    jobid: 518
    wildcards: id=258

[Tue Apr 23 09:59:18 2024]
Finished job 509.
2 of 261 steps (0.77%) done

[Tue Apr 23 09:59:18 2024]
rule time_mem_to_csv:
    input: outputs/256/metrics.txt
    output: outputs/256/metrics.csv
    jobid: 516
    wildcards: id=256

[Tue Apr 23 09:59:19 2024]
Finished job 508.
3 of 261 steps (1%) done

[Tue Apr 23 09:59:19 2024]
rule time_mem_to_csv:
    input: outputs/252/metrics.txt
    output: outputs/252/metrics.csv
    jobid: 512
    wildcards: id=252

[Tue Apr 23 09:59:19 2024]
Finished job 511.
4 of 261 steps (2%) done

[Tue Apr 23 09:59:19 2024]
rule time_mem_to_csv:
    input: outputs/246/metrics.txt
    output: outputs/246/metrics.csv
    jobid: 506
    wildcards: id=246

[Tue Apr 23 09:59:19 2024]
Finished job 520.
5 of 261 steps (2%) done

[Tue Apr 23 09:59:19 2024]
rule time_mem_to_csv:
    input: outputs/254/metrics.txt
    output: outputs/254/metrics.csv
    jobid: 514
    wildcards: id=254

[Tue Apr 23 09:59:19 2024]
Finished job 513.
6 of 261 steps (2%) done

[Tue Apr 23 09:59:19 2024]
rule time_mem_to_csv:
    input: outputs/257/metrics.txt
    output: outputs/257/metrics.csv
    jobid: 517
    wildcards: id=257

[Tue Apr 23 09:59:19 2024]
Finished job 515.
7 of 261 steps (3%) done

[Tue Apr 23 09:59:19 2024]
[Tue Apr 23 09:59:19 2024]
Finished job 519.
rule time_mem_to_csv:
    input: outputs/247/metrics.txt
    output: outputs/247/metrics.csv
    jobid: 507
    wildcards: id=247
8 of 261 steps (3%) done


[Tue Apr 23 09:59:19 2024]
rule time_mem_to_csv:
    input: outputs/239/metrics.txt
    output: outputs/239/metrics.csv
    jobid: 499
    wildcards: id=239

[Tue Apr 23 09:59:20 2024]
Finished job 518.
9 of 261 steps (3%) done

[Tue Apr 23 09:59:20 2024]
rule time_mem_to_csv:
    input: outputs/84/metrics.txt
    output: outputs/84/metrics.csv
    jobid: 344
    wildcards: id=84

[Tue Apr 23 09:59:20 2024]
Finished job 516.
10 of 261 steps (4%) done

[Tue Apr 23 09:59:20 2024]
rule time_mem_to_csv:
    input: outputs/52/metrics.txt
    output: outputs/52/metrics.csv
    jobid: 312
    wildcards: id=52

[Tue Apr 23 09:59:20 2024]
Finished job 506.
11 of 261 steps (4%) done

[Tue Apr 23 09:59:20 2024]
rule time_mem_to_csv:
    input: outputs/39/metrics.txt
    output: outputs/39/metrics.csv
    jobid: 299
    wildcards: id=39

[Tue Apr 23 09:59:20 2024]
Finished job 512.
12 of 261 steps (5%) done

[Tue Apr 23 09:59:20 2024]
rule time_mem_to_csv:
    input: outputs/175/metrics.txt
    output: outputs/175/metrics.csv
    jobid: 435
    wildcards: id=175

[Tue Apr 23 09:59:20 2024]
Finished job 499.
13 of 261 steps (5%) done

[Tue Apr 23 09:59:20 2024]
rule time_mem_to_csv:
    input: outputs/145/metrics.txt
    output: outputs/145/metrics.csv
    jobid: 405
    wildcards: id=145

[Tue Apr 23 09:59:20 2024]
Finished job 514.
14 of 261 steps (5%) done

[Tue Apr 23 09:59:20 2024]
rule time_mem_to_csv:
    input: outputs/87/metrics.txt
    output: outputs/87/metrics.csv
    jobid: 347
    wildcards: id=87

[Tue Apr 23 09:59:20 2024]
Finished job 507.
15 of 261 steps (6%) done

[Tue Apr 23 09:59:20 2024]
rule time_mem_to_csv:
    input: outputs/51/metrics.txt
    output: outputs/51/metrics.csv
    jobid: 311
    wildcards: id=51

[Tue Apr 23 09:59:20 2024]
Finished job 517.
16 of 261 steps (6%) done

[Tue Apr 23 09:59:20 2024]
rule time_mem_to_csv:
    input: outputs/151/metrics.txt
    output: outputs/151/metrics.csv
    jobid: 411
    wildcards: id=151

[Tue Apr 23 09:59:21 2024]
Finished job 299.
17 of 261 steps (7%) done

[Tue Apr 23 09:59:21 2024]
rule time_mem_to_csv:
    input: outputs/241/metrics.txt
    output: outputs/241/metrics.csv
    jobid: 501
    wildcards: id=241

[Tue Apr 23 09:59:21 2024]
Finished job 344.
18 of 261 steps (7%) done

[Tue Apr 23 09:59:21 2024]
rule time_mem_to_csv:
    input: outputs/154/metrics.txt
    output: outputs/154/metrics.csv
    jobid: 414
    wildcards: id=154

[Tue Apr 23 09:59:22 2024]
Finished job 347.
19 of 261 steps (7%) done

[Tue Apr 23 09:59:22 2024]
rule time_mem_to_csv:
    input: outputs/38/metrics.txt
    output: outputs/38/metrics.csv
    jobid: 298
    wildcards: id=38

[Tue Apr 23 09:59:22 2024]
Finished job 435.
20 of 261 steps (8%) done

[Tue Apr 23 09:59:22 2024]
rule time_mem_to_csv:
    input: outputs/150/metrics.txt
    output: outputs/150/metrics.csv
    jobid: 410
    wildcards: id=150

[Tue Apr 23 09:59:22 2024]
Finished job 405.
21 of 261 steps (8%) done
[Tue Apr 23 09:59:22 2024]
Finished job 312.
22 of 261 steps (8%) done

[Tue Apr 23 09:59:22 2024]
rule time_mem_to_csv:
    input: outputs/53/metrics.txt
    output: outputs/53/metrics.csv
    jobid: 313
    wildcards: id=53


[Tue Apr 23 09:59:22 2024]
rule time_mem_to_csv:
    input: outputs/60/metrics.txt
    output: outputs/60/metrics.csv
    jobid: 320
    wildcards: id=60

[Tue Apr 23 09:59:22 2024]
Finished job 411.
23 of 261 steps (9%) done

[Tue Apr 23 09:59:22 2024]
rule time_mem_to_csv:
    input: outputs/179/metrics.txt
    output: outputs/179/metrics.csv
    jobid: 439
    wildcards: id=179

[Tue Apr 23 09:59:22 2024]
Finished job 311.
24 of 261 steps (9%) done

[Tue Apr 23 09:59:22 2024]
rule time_mem_to_csv:
    input: outputs/40/metrics.txt
    output: outputs/40/metrics.csv
    jobid: 300
    wildcards: id=40

[Tue Apr 23 09:59:23 2024]
Finished job 501.
25 of 261 steps (10%) done

[Tue Apr 23 09:59:23 2024]
rule time_mem_to_csv:
    input: outputs/88/metrics.txt
    output: outputs/88/metrics.csv
    jobid: 348
    wildcards: id=88

[Tue Apr 23 09:59:23 2024]
Finished job 414.
26 of 261 steps (10%) done

[Tue Apr 23 09:59:23 2024]
rule time_mem_to_csv:
    input: outputs/91/metrics.txt
    output: outputs/91/metrics.csv
    jobid: 351
    wildcards: id=91

[Tue Apr 23 09:59:23 2024]
Finished job 298.
27 of 261 steps (10%) done

[Tue Apr 23 09:59:23 2024]
rule time_mem_to_csv:
    input: outputs/132/metrics.txt
    output: outputs/132/metrics.csv
    jobid: 392
    wildcards: id=132

[Tue Apr 23 09:59:23 2024]
Finished job 313.
28 of 261 steps (11%) done

[Tue Apr 23 09:59:23 2024]
rule time_mem_to_csv:
    input: outputs/37/metrics.txt
    output: outputs/37/metrics.csv
    jobid: 297
    wildcards: id=37

[Tue Apr 23 09:59:23 2024]
Finished job 320.
29 of 261 steps (11%) done

[Tue Apr 23 09:59:23 2024]
rule time_mem_to_csv:
    input: outputs/59/metrics.txt
    output: outputs/59/metrics.csv
    jobid: 319
    wildcards: id=59

[Tue Apr 23 09:59:23 2024]
Finished job 410.
30 of 261 steps (11%) done

[Tue Apr 23 09:59:23 2024]
rule time_mem_to_csv:
    input: outputs/92/metrics.txt
    output: outputs/92/metrics.csv
    jobid: 352
    wildcards: id=92

[Tue Apr 23 09:59:23 2024]
Finished job 300.
31 of 261 steps (12%) done

[Tue Apr 23 09:59:23 2024]
rule time_mem_to_csv:
    input: outputs/143/metrics.txt
    output: outputs/143/metrics.csv
    jobid: 403
    wildcards: id=143

[Tue Apr 23 09:59:24 2024]
Finished job 439.
32 of 261 steps (12%) done

[Tue Apr 23 09:59:24 2024]
rule time_mem_to_csv:
    input: outputs/54/metrics.txt
    output: outputs/54/metrics.csv
    jobid: 314
    wildcards: id=54

[Tue Apr 23 09:59:24 2024]
Finished job 348.
33 of 261 steps (13%) done

[Tue Apr 23 09:59:24 2024]
rule time_mem_to_csv:
    input: outputs/128/metrics.txt
    output: outputs/128/metrics.csv
    jobid: 388
    wildcards: id=128

[Tue Apr 23 09:59:24 2024]
Finished job 319.
34 of 261 steps (13%) done

[Tue Apr 23 09:59:24 2024]
rule time_mem_to_csv:
    input: outputs/56/metrics.txt
    output: outputs/56/metrics.csv
    jobid: 316
    wildcards: id=56

[Tue Apr 23 09:59:25 2024]
Finished job 351.
35 of 261 steps (13%) done
[Tue Apr 23 09:59:25 2024]
Finished job 392.
36 of 261 steps (14%) done

[Tue Apr 23 09:59:25 2024]
rule time_mem_to_csv:
    input: outputs/129/metrics.txt
    output: outputs/129/metrics.csv
    jobid: 389
    wildcards: id=129


[Tue Apr 23 09:59:25 2024]
rule time_mem_to_csv:
    input: outputs/244/metrics.txt
    output: outputs/244/metrics.csv
    jobid: 504
    wildcards: id=244

[Tue Apr 23 09:59:25 2024]
Finished job 352.
37 of 261 steps (14%) done

[Tue Apr 23 09:59:25 2024]
rule time_mem_to_csv:
    input: outputs/127/metrics.txt
    output: outputs/127/metrics.csv
    jobid: 387
    wildcards: id=127

[Tue Apr 23 09:59:25 2024]
Finished job 297.
38 of 261 steps (15%) done

[Tue Apr 23 09:59:25 2024]
rule time_mem_to_csv:
    input: outputs/85/metrics.txt
    output: outputs/85/metrics.csv
    jobid: 345
    wildcards: id=85

[Tue Apr 23 09:59:25 2024]
Finished job 403.
39 of 261 steps (15%) done

[Tue Apr 23 09:59:25 2024]
rule time_mem_to_csv:
    input: outputs/90/metrics.txt
    output: outputs/90/metrics.csv
    jobid: 350
    wildcards: id=90

[Tue Apr 23 09:59:25 2024]
Finished job 314.
40 of 261 steps (15%) done

[Tue Apr 23 09:59:25 2024]
rule time_mem_to_csv:
    input: outputs/240/metrics.txt
    output: outputs/240/metrics.csv
    jobid: 500
    wildcards: id=240

[Tue Apr 23 09:59:26 2024]
Finished job 316.
41 of 261 steps (16%) done

[Tue Apr 23 09:59:26 2024]
rule time_mem_to_csv:
    input: outputs/58/metrics.txt
    output: outputs/58/metrics.csv
    jobid: 318
    wildcards: id=58

[Tue Apr 23 09:59:26 2024]
Finished job 388.
42 of 261 steps (16%) done

[Tue Apr 23 09:59:26 2024]
rule time_mem_to_csv:
    input: outputs/149/metrics.txt
    output: outputs/149/metrics.csv
    jobid: 409
    wildcards: id=149

[Tue Apr 23 09:59:26 2024]
Finished job 389.
43 of 261 steps (16%) done

[Tue Apr 23 09:59:26 2024]
rule time_mem_to_csv:
    input: outputs/49/metrics.txt
    output: outputs/49/metrics.csv
    jobid: 309
    wildcards: id=49

[Tue Apr 23 09:59:26 2024]
Finished job 504.
44 of 261 steps (17%) done

[Tue Apr 23 09:59:26 2024]
rule time_mem_to_csv:
    input: outputs/146/metrics.txt
    output: outputs/146/metrics.csv
    jobid: 406
    wildcards: id=146

[Tue Apr 23 09:59:26 2024]
Finished job 387.
45 of 261 steps (17%) done
[Tue Apr 23 09:59:26 2024]
Finished job 350.
46 of 261 steps (18%) done

[Tue Apr 23 09:59:26 2024]
rule time_mem_to_csv:
    input: outputs/181/metrics.txt
    output: outputs/181/metrics.csv
    jobid: 441
    wildcards: id=181


[Tue Apr 23 09:59:26 2024]
rule time_mem_to_csv:
    input: outputs/57/metrics.txt
    output: outputs/57/metrics.csv
    jobid: 317
    wildcards: id=57

[Tue Apr 23 09:59:26 2024]
Finished job 345.
47 of 261 steps (18%) done

[Tue Apr 23 09:59:26 2024]
rule time_mem_to_csv:
    input: outputs/142/metrics.txt
    output: outputs/142/metrics.csv
    jobid: 402
    wildcards: id=142

[Tue Apr 23 09:59:27 2024]
Finished job 500.
48 of 261 steps (18%) done

[Tue Apr 23 09:59:27 2024]
rule time_mem_to_csv:
    input: outputs/236/metrics.txt
    output: outputs/236/metrics.csv
    jobid: 496
    wildcards: id=236

[Tue Apr 23 09:59:27 2024]
Finished job 409.
49 of 261 steps (19%) done

[Tue Apr 23 09:59:27 2024]
rule time_mem_to_csv:
    input: outputs/178/metrics.txt
    output: outputs/178/metrics.csv
    jobid: 438
    wildcards: id=178

[Tue Apr 23 09:59:28 2024]
Finished job 318.
50 of 261 steps (19%) done

[Tue Apr 23 09:59:28 2024]
rule time_mem_to_csv:
    input: outputs/183/metrics.txt
    output: outputs/183/metrics.csv
    jobid: 443
    wildcards: id=183

[Tue Apr 23 09:59:28 2024]
Finished job 309.
51 of 261 steps (20%) done

[Tue Apr 23 09:59:28 2024]
rule time_mem_to_csv:
    input: outputs/89/metrics.txt
    output: outputs/89/metrics.csv
    jobid: 349
    wildcards: id=89

[Tue Apr 23 09:59:28 2024]
Finished job 406.
52 of 261 steps (20%) done

[Tue Apr 23 09:59:28 2024]
rule time_mem_to_csv:
    input: outputs/152/metrics.txt
    output: outputs/152/metrics.csv
    jobid: 412
    wildcards: id=152

[Tue Apr 23 09:59:28 2024]
Finished job 441.
53 of 261 steps (20%) done

[Tue Apr 23 09:59:28 2024]
rule time_mem_to_csv:
    input: outputs/55/metrics.txt
    output: outputs/55/metrics.csv
    jobid: 315
    wildcards: id=55

[Tue Apr 23 09:59:28 2024]
Finished job 496.
54 of 261 steps (21%) done

[Tue Apr 23 09:59:28 2024]
rule time_mem_to_csv:
    input: outputs/61/metrics.txt
    output: outputs/61/metrics.csv
    jobid: 321
    wildcards: id=61

[Tue Apr 23 09:59:28 2024]
Finished job 402.
55 of 261 steps (21%) done

[Tue Apr 23 09:59:28 2024]
rule time_mem_to_csv:
    input: outputs/147/metrics.txt
    output: outputs/147/metrics.csv
    jobid: 407
    wildcards: id=147

[Tue Apr 23 09:59:28 2024]
Finished job 317.
56 of 261 steps (21%) done

[Tue Apr 23 09:59:28 2024]
rule time_mem_to_csv:
    input: outputs/50/metrics.txt
    output: outputs/50/metrics.csv
    jobid: 310
    wildcards: id=50

[Tue Apr 23 09:59:29 2024]
Finished job 443.
57 of 261 steps (22%) done

[Tue Apr 23 09:59:29 2024]
rule time_mem_to_csv:
    input: outputs/243/metrics.txt
    output: outputs/243/metrics.csv
    jobid: 503
    wildcards: id=243

[Tue Apr 23 09:59:29 2024]
Finished job 349.
58 of 261 steps (22%) done
[Tue Apr 23 09:59:29 2024]
Finished job 438.
59 of 261 steps (23%) done
[Tue Apr 23 09:59:29 2024]
Finished job 412.
60 of 261 steps (23%) done

[Tue Apr 23 09:59:29 2024]
rule time_mem_to_csv:
    input: outputs/237/metrics.txt
    output: outputs/237/metrics.csv
    jobid: 497
    wildcards: id=237


[Tue Apr 23 09:59:29 2024]
rule time_mem_to_csv:
    input: outputs/62/metrics.txt
    output: outputs/62/metrics.csv
    jobid: 322
    wildcards: id=62


[Tue Apr 23 09:59:29 2024]
rule time_mem_to_csv:
    input: outputs/153/metrics.txt
    output: outputs/153/metrics.csv
    jobid: 413
    wildcards: id=153

[Tue Apr 23 09:59:29 2024]
Finished job 321.
61 of 261 steps (23%) done

[Tue Apr 23 09:59:29 2024]
rule time_mem_to_csv:
    input: outputs/86/metrics.txt
    output: outputs/86/metrics.csv
    jobid: 346
    wildcards: id=86

[Tue Apr 23 09:59:29 2024]
Finished job 315.
62 of 261 steps (24%) done

[Tue Apr 23 09:59:29 2024]
rule time_mem_to_csv:
    input: outputs/144/metrics.txt
    output: outputs/144/metrics.csv
    jobid: 404
    wildcards: id=144

[Tue Apr 23 09:59:30 2024]
Finished job 407.
63 of 261 steps (24%) done

[Tue Apr 23 09:59:30 2024]
rule time_mem_to_csv:
    input: outputs/182/metrics.txt
    output: outputs/182/metrics.csv
    jobid: 442
    wildcards: id=182

[Tue Apr 23 09:59:30 2024]
Finished job 310.
64 of 261 steps (25%) done

[Tue Apr 23 09:59:30 2024]
rule time_mem_to_csv:
    input: outputs/148/metrics.txt
    output: outputs/148/metrics.csv
    jobid: 408
    wildcards: id=148

[Tue Apr 23 09:59:31 2024]
Finished job 497.
65 of 261 steps (25%) done

[Tue Apr 23 09:59:31 2024]
rule time_mem_to_csv:
    input: outputs/180/metrics.txt
    output: outputs/180/metrics.csv
    jobid: 440
    wildcards: id=180

[Tue Apr 23 09:59:31 2024]
Finished job 503.
66 of 261 steps (25%) done

[Tue Apr 23 09:59:31 2024]
rule time_mem_to_csv:
    input: outputs/131/metrics.txt
    output: outputs/131/metrics.csv
    jobid: 391
    wildcards: id=131

[Tue Apr 23 09:59:31 2024]
Finished job 413.
67 of 261 steps (26%) done

[Tue Apr 23 09:59:31 2024]
rule time_mem_to_csv:
    input: outputs/245/metrics.txt
    output: outputs/245/metrics.csv
    jobid: 505
    wildcards: id=245

[Tue Apr 23 09:59:31 2024]
Finished job 346.
68 of 261 steps (26%) done

[Tue Apr 23 09:59:31 2024]
rule time_mem_to_csv:
    input: outputs/242/metrics.txt
    output: outputs/242/metrics.csv
    jobid: 502
    wildcards: id=242

[Tue Apr 23 09:59:31 2024]
Finished job 322.
69 of 261 steps (26%) done

[Tue Apr 23 09:59:31 2024]
rule time_mem_to_csv:
    input: outputs/48/metrics.txt
    output: outputs/48/metrics.csv
    jobid: 308
    wildcards: id=48

[Tue Apr 23 09:59:31 2024]
Finished job 442.
70 of 261 steps (27%) done

[Tue Apr 23 09:59:31 2024]
rule time_mem_to_csv:
    input: outputs/130/metrics.txt
    output: outputs/130/metrics.csv
    jobid: 390
    wildcards: id=130

[Tue Apr 23 09:59:31 2024]
Finished job 404.
71 of 261 steps (27%) done

[Tue Apr 23 09:59:31 2024]
rule time_mem_to_csv:
    input: outputs/184/metrics.txt
    output: outputs/184/metrics.csv
    jobid: 444
    wildcards: id=184

[Tue Apr 23 09:59:31 2024]
Finished job 408.
72 of 261 steps (28%) done

[Tue Apr 23 09:59:31 2024]
rule time_mem_to_csv:
    input: outputs/212/metrics.txt
    output: outputs/212/metrics.csv
    jobid: 472
    wildcards: id=212

[Tue Apr 23 09:59:32 2024]
Finished job 440.
73 of 261 steps (28%) done

[Tue Apr 23 09:59:32 2024]
rule time_mem_to_csv:
    input: outputs/4/metrics.txt
    output: outputs/4/metrics.csv
    jobid: 264
    wildcards: id=4

[Tue Apr 23 09:59:32 2024]
Finished job 505.
74 of 261 steps (28%) done

[Tue Apr 23 09:59:32 2024]
rule time_mem_to_csv:
    input: outputs/202/metrics.txt
    output: outputs/202/metrics.csv
    jobid: 462
    wildcards: id=202

[Tue Apr 23 09:59:32 2024]
Finished job 390.
75 of 261 steps (29%) done

[Tue Apr 23 09:59:32 2024]
rule time_mem_to_csv:
    input: outputs/219/metrics.txt
    output: outputs/219/metrics.csv
    jobid: 479
    wildcards: id=219

[Tue Apr 23 09:59:32 2024]
Finished job 391.
76 of 261 steps (29%) done

[Tue Apr 23 09:59:32 2024]
rule time_mem_to_csv:
    input: outputs/105/metrics.txt
    output: outputs/105/metrics.csv
    jobid: 365
    wildcards: id=105

[Tue Apr 23 09:59:32 2024]
Finished job 502.
77 of 261 steps (30%) done

[Tue Apr 23 09:59:32 2024]
rule time_mem_to_csv:
    input: outputs/203/metrics.txt
    output: outputs/203/metrics.csv
    jobid: 463
    wildcards: id=203

[Tue Apr 23 09:59:32 2024]
Finished job 308.
78 of 261 steps (30%) done

[Tue Apr 23 09:59:32 2024]
rule time_mem_to_csv:
    input: outputs/138/metrics.txt
    output: outputs/138/metrics.csv
    jobid: 398
    wildcards: id=138

[Tue Apr 23 09:59:32 2024]
Finished job 444.
79 of 261 steps (30%) done

[Tue Apr 23 09:59:32 2024]
rule time_mem_to_csv:
    input: outputs/95/metrics.txt
    output: outputs/95/metrics.csv
    jobid: 355
    wildcards: id=95

[Tue Apr 23 09:59:33 2024]
Finished job 472.
80 of 261 steps (31%) done

[Tue Apr 23 09:59:33 2024]
rule time_mem_to_csv:
    input: outputs/139/metrics.txt
    output: outputs/139/metrics.csv
    jobid: 399
    wildcards: id=139

[Tue Apr 23 09:59:34 2024]
Finished job 264.
81 of 261 steps (31%) done

[Tue Apr 23 09:59:34 2024]
rule time_mem_to_csv:
    input: outputs/229/metrics.txt
    output: outputs/229/metrics.csv
    jobid: 489
    wildcards: id=229

[Tue Apr 23 09:59:34 2024]
Finished job 479.
82 of 261 steps (31%) done

[Tue Apr 23 09:59:34 2024]
rule time_mem_to_csv:
    input: outputs/221/metrics.txt
    output: outputs/221/metrics.csv
    jobid: 481
    wildcards: id=221

[Tue Apr 23 09:59:34 2024]
Finished job 365.
83 of 261 steps (32%) done

[Tue Apr 23 09:59:34 2024]
rule time_mem_to_csv:
    input: outputs/161/metrics.txt
    output: outputs/161/metrics.csv
    jobid: 421
    wildcards: id=161

[Tue Apr 23 09:59:34 2024]
Finished job 462.
84 of 261 steps (32%) done

[Tue Apr 23 09:59:34 2024]
rule time_mem_to_csv:
    input: outputs/224/metrics.txt
    output: outputs/224/metrics.csv
    jobid: 484
    wildcards: id=224

[Tue Apr 23 09:59:34 2024]
Finished job 398.
85 of 261 steps (33%) done

[Tue Apr 23 09:59:34 2024]
rule time_mem_to_csv:
    input: outputs/19/metrics.txt
    output: outputs/19/metrics.csv
    jobid: 279
    wildcards: id=19

[Tue Apr 23 09:59:34 2024]
Finished job 463.
86 of 261 steps (33%) done

[Tue Apr 23 09:59:34 2024]
rule time_mem_to_csv:
    input: outputs/166/metrics.txt
    output: outputs/166/metrics.csv
    jobid: 426
    wildcards: id=166

[Tue Apr 23 09:59:34 2024]
Finished job 355.
87 of 261 steps (33%) done

[Tue Apr 23 09:59:34 2024]
rule time_mem_to_csv:
    input: outputs/25/metrics.txt
    output: outputs/25/metrics.csv
    jobid: 285
    wildcards: id=25

[Tue Apr 23 09:59:34 2024]
Finished job 399.
88 of 261 steps (34%) done

[Tue Apr 23 09:59:34 2024]
rule time_mem_to_csv:
    input: outputs/171/metrics.txt
    output: outputs/171/metrics.csv
    jobid: 431
    wildcards: id=171

[Tue Apr 23 09:59:35 2024]
Finished job 481.
89 of 261 steps (34%) done
[Tue Apr 23 09:59:35 2024]
Finished job 489.
90 of 261 steps (34%) done

[Tue Apr 23 09:59:35 2024]
rule time_mem_to_csv:
    input: outputs/205/metrics.txt
    output: outputs/205/metrics.csv
    jobid: 465
    wildcards: id=205


[Tue Apr 23 09:59:35 2024]
rule time_mem_to_csv:
    input: outputs/69/metrics.txt
    output: outputs/69/metrics.csv
    jobid: 329
    wildcards: id=69

[Tue Apr 23 09:59:35 2024]
Finished job 279.
91 of 261 steps (35%) done

[Tue Apr 23 09:59:35 2024]
rule time_mem_to_csv:
    input: outputs/230/metrics.txt
    output: outputs/230/metrics.csv
    jobid: 490
    wildcards: id=230

[Tue Apr 23 09:59:35 2024]
Finished job 421.
92 of 261 steps (35%) done

[Tue Apr 23 09:59:35 2024]
rule time_mem_to_csv:
    input: outputs/121/metrics.txt
    output: outputs/121/metrics.csv
    jobid: 381
    wildcards: id=121

[Tue Apr 23 09:59:35 2024]
Finished job 285.
93 of 261 steps (36%) done
[Tue Apr 23 09:59:35 2024]
Finished job 426.
94 of 261 steps (36%) done
[Tue Apr 23 09:59:35 2024]
Finished job 484.
95 of 261 steps (36%) done

[Tue Apr 23 09:59:35 2024]
rule time_mem_to_csv:
    input: outputs/76/metrics.txt
    output: outputs/76/metrics.csv
    jobid: 336
    wildcards: id=76


[Tue Apr 23 09:59:35 2024]
rule time_mem_to_csv:
    input: outputs/218/metrics.txt
    output: outputs/218/metrics.csv
    jobid: 478
    wildcards: id=218


[Tue Apr 23 09:59:36 2024]
rule time_mem_to_csv:
    input: outputs/177/metrics.txt
    output: outputs/177/metrics.csv
    jobid: 437
    wildcards: id=177

[Tue Apr 23 09:59:36 2024]
Finished job 431.
96 of 261 steps (37%) done

[Tue Apr 23 09:59:36 2024]
rule time_mem_to_csv:
    input: outputs/65/metrics.txt
    output: outputs/65/metrics.csv
    jobid: 325
    wildcards: id=65

[Tue Apr 23 09:59:37 2024]
Finished job 465.
97 of 261 steps (37%) done

[Tue Apr 23 09:59:37 2024]
rule time_mem_to_csv:
    input: outputs/17/metrics.txt
    output: outputs/17/metrics.csv
    jobid: 277
    wildcards: id=17

[Tue Apr 23 09:59:37 2024]
Finished job 329.
98 of 261 steps (38%) done

[Tue Apr 23 09:59:37 2024]
rule time_mem_to_csv:
    input: outputs/32/metrics.txt
    output: outputs/32/metrics.csv
    jobid: 292
    wildcards: id=32

[Tue Apr 23 09:59:37 2024]
Finished job 490.
99 of 261 steps (38%) done

[Tue Apr 23 09:59:37 2024]
rule time_mem_to_csv:
    input: outputs/43/metrics.txt
    output: outputs/43/metrics.csv
    jobid: 303
    wildcards: id=43

[Tue Apr 23 09:59:37 2024]
Finished job 437.
100 of 261 steps (38%) done
[Tue Apr 23 09:59:37 2024]
Finished job 478.
101 of 261 steps (39%) done

[Tue Apr 23 09:59:37 2024]
rule time_mem_to_csv:
    input: outputs/223/metrics.txt
    output: outputs/223/metrics.csv
    jobid: 483
    wildcards: id=223


[Tue Apr 23 09:59:37 2024]
rule time_mem_to_csv:
    input: outputs/116/metrics.txt
    output: outputs/116/metrics.csv
    jobid: 376
    wildcards: id=116

[Tue Apr 23 09:59:37 2024]
Finished job 381.
102 of 261 steps (39%) done

[Tue Apr 23 09:59:37 2024]
rule time_mem_to_csv:
    input: outputs/186/metrics.txt
    output: outputs/186/metrics.csv
    jobid: 446
    wildcards: id=186

[Tue Apr 23 09:59:37 2024]
Finished job 336.
103 of 261 steps (39%) done

[Tue Apr 23 09:59:37 2024]
rule time_mem_to_csv:
    input: outputs/44/metrics.txt
    output: outputs/44/metrics.csv
    jobid: 304
    wildcards: id=44

[Tue Apr 23 09:59:38 2024]
Finished job 325.
104 of 261 steps (40%) done

[Tue Apr 23 09:59:38 2024]
rule time_mem_to_csv:
    input: outputs/45/metrics.txt
    output: outputs/45/metrics.csv
    jobid: 305
    wildcards: id=45

[Tue Apr 23 09:59:38 2024]
Finished job 277.
105 of 261 steps (40%) done
[Tue Apr 23 09:59:38 2024]
Finished job 303.
106 of 261 steps (41%) done

[Tue Apr 23 09:59:38 2024]
rule time_mem_to_csv:
    input: outputs/46/metrics.txt
    output: outputs/46/metrics.csv
    jobid: 306
    wildcards: id=46


[Tue Apr 23 09:59:38 2024]
rule time_mem_to_csv:
    input: outputs/31/metrics.txt
    output: outputs/31/metrics.csv
    jobid: 291
    wildcards: id=31

[Tue Apr 23 09:59:38 2024]
Finished job 483.
107 of 261 steps (41%) done

[Tue Apr 23 09:59:38 2024]
rule time_mem_to_csv:
    input: outputs/134/metrics.txt
    output: outputs/134/metrics.csv
    jobid: 394
    wildcards: id=134

[Tue Apr 23 09:59:38 2024]
Finished job 376.
108 of 261 steps (41%) done

[Tue Apr 23 09:59:38 2024]
rule time_mem_to_csv:
    input: outputs/194/metrics.txt
    output: outputs/194/metrics.csv
    jobid: 454
    wildcards: id=194

[Tue Apr 23 09:59:39 2024]
Finished job 292.
109 of 261 steps (42%) done

[Tue Apr 23 09:59:39 2024]
rule time_mem_to_csv:
    input: outputs/117/metrics.txt
    output: outputs/117/metrics.csv
    jobid: 377
    wildcards: id=117

[Tue Apr 23 09:59:39 2024]
Finished job 304.
110 of 261 steps (42%) done

[Tue Apr 23 09:59:39 2024]
rule time_mem_to_csv:
    input: outputs/126/metrics.txt
    output: outputs/126/metrics.csv
    jobid: 386
    wildcards: id=126

[Tue Apr 23 09:59:39 2024]
Finished job 446.
111 of 261 steps (43%) done

[Tue Apr 23 09:59:39 2024]
rule time_mem_to_csv:
    input: outputs/199/metrics.txt
    output: outputs/199/metrics.csv
    jobid: 459
    wildcards: id=199

[Tue Apr 23 09:59:39 2024]
Finished job 305.
112 of 261 steps (43%) done

[Tue Apr 23 09:59:39 2024]
rule time_mem_to_csv:
    input: outputs/20/metrics.txt
    output: outputs/20/metrics.csv
    jobid: 280
    wildcards: id=20

[Tue Apr 23 09:59:40 2024]
Finished job 306.
113 of 261 steps (43%) done

[Tue Apr 23 09:59:40 2024]
rule time_mem_to_csv:
    input: outputs/71/metrics.txt
    output: outputs/71/metrics.csv
    jobid: 331
    wildcards: id=71

[Tue Apr 23 09:59:40 2024]
Finished job 291.
114 of 261 steps (44%) done
[Tue Apr 23 09:59:40 2024]
Finished job 454.
115 of 261 steps (44%) done

[Tue Apr 23 09:59:40 2024]
rule time_mem_to_csv:
    input: outputs/94/metrics.txt
    output: outputs/94/metrics.csv
    jobid: 354
    wildcards: id=94


[Tue Apr 23 09:59:40 2024]
rule time_mem_to_csv:
    input: outputs/2/metrics.txt
    output: outputs/2/metrics.csv
    jobid: 262
    wildcards: id=2

[Tue Apr 23 09:59:40 2024]
Finished job 394.
116 of 261 steps (44%) done

[Tue Apr 23 09:59:40 2024]
rule time_mem_to_csv:
    input: outputs/187/metrics.txt
    output: outputs/187/metrics.csv
    jobid: 447
    wildcards: id=187

[Tue Apr 23 09:59:40 2024]
Finished job 386.
117 of 261 steps (45%) done

[Tue Apr 23 09:59:40 2024]
rule time_mem_to_csv:
    input: outputs/198/metrics.txt
    output: outputs/198/metrics.csv
    jobid: 458
    wildcards: id=198

[Tue Apr 23 09:59:40 2024]
Finished job 377.
118 of 261 steps (45%) done

[Tue Apr 23 09:59:40 2024]
rule time_mem_to_csv:
    input: outputs/83/metrics.txt
    output: outputs/83/metrics.csv
    jobid: 343
    wildcards: id=83

[Tue Apr 23 09:59:40 2024]
Finished job 459.
119 of 261 steps (46%) done

[Tue Apr 23 09:59:40 2024]
rule time_mem_to_csv:
    input: outputs/79/metrics.txt
    output: outputs/79/metrics.csv
    jobid: 339
    wildcards: id=79

[Tue Apr 23 09:59:41 2024]
Finished job 280.
120 of 261 steps (46%) done

[Tue Apr 23 09:59:41 2024]
rule time_mem_to_csv:
    input: outputs/156/metrics.txt
    output: outputs/156/metrics.csv
    jobid: 416
    wildcards: id=156

[Tue Apr 23 09:59:41 2024]
Finished job 331.
121 of 261 steps (46%) done

[Tue Apr 23 09:59:41 2024]
rule time_mem_to_csv:
    input: outputs/196/metrics.txt
    output: outputs/196/metrics.csv
    jobid: 456
    wildcards: id=196

[Tue Apr 23 09:59:41 2024]
Finished job 354.
122 of 261 steps (47%) done

[Tue Apr 23 09:59:41 2024]
rule time_mem_to_csv:
    input: outputs/26/metrics.txt
    output: outputs/26/metrics.csv
    jobid: 286
    wildcards: id=26

[Tue Apr 23 09:59:41 2024]
Finished job 447.
123 of 261 steps (47%) done

[Tue Apr 23 09:59:41 2024]
rule time_mem_to_csv:
    input: outputs/101/metrics.txt
    output: outputs/101/metrics.csv
    jobid: 361
    wildcards: id=101

[Tue Apr 23 09:59:41 2024]
Finished job 262.
124 of 261 steps (48%) done

[Tue Apr 23 09:59:41 2024]
rule time_mem_to_csv:
    input: outputs/66/metrics.txt
    output: outputs/66/metrics.csv
    jobid: 326
    wildcards: id=66

[Tue Apr 23 09:59:42 2024]
Finished job 458.
125 of 261 steps (48%) done

[Tue Apr 23 09:59:42 2024]
rule time_mem_to_csv:
    input: outputs/155/metrics.txt
    output: outputs/155/metrics.csv
    jobid: 415
    wildcards: id=155

[Tue Apr 23 09:59:42 2024]
Finished job 343.
126 of 261 steps (48%) done

[Tue Apr 23 09:59:42 2024]
rule time_mem_to_csv:
    input: outputs/102/metrics.txt
    output: outputs/102/metrics.csv
    jobid: 362
    wildcards: id=102

[Tue Apr 23 09:59:42 2024]
Finished job 339.
127 of 261 steps (49%) done

[Tue Apr 23 09:59:42 2024]
rule time_mem_to_csv:
    input: outputs/234/metrics.txt
    output: outputs/234/metrics.csv
    jobid: 494
    wildcards: id=234

[Tue Apr 23 09:59:42 2024]
Finished job 416.
128 of 261 steps (49%) done

[Tue Apr 23 09:59:42 2024]
rule time_mem_to_csv:
    input: outputs/107/metrics.txt
    output: outputs/107/metrics.csv
    jobid: 367
    wildcards: id=107

[Tue Apr 23 09:59:43 2024]
Finished job 456.
129 of 261 steps (49%) done

[Tue Apr 23 09:59:43 2024]
rule time_mem_to_csv:
    input: outputs/160/metrics.txt
    output: outputs/160/metrics.csv
    jobid: 420
    wildcards: id=160

[Tue Apr 23 09:59:43 2024]
Finished job 286.
130 of 261 steps (50%) done

[Tue Apr 23 09:59:43 2024]
rule time_mem_to_csv:
    input: outputs/96/metrics.txt
    output: outputs/96/metrics.csv
    jobid: 356
    wildcards: id=96

[Tue Apr 23 09:59:43 2024]
Finished job 326.
131 of 261 steps (50%) done

[Tue Apr 23 09:59:43 2024]
rule time_mem_to_csv:
    input: outputs/159/metrics.txt
    output: outputs/159/metrics.csv
    jobid: 419
    wildcards: id=159

[Tue Apr 23 09:59:43 2024]
Finished job 415.
132 of 261 steps (51%) done

[Tue Apr 23 09:59:43 2024]
rule time_mem_to_csv:
    input: outputs/195/metrics.txt
    output: outputs/195/metrics.csv
    jobid: 455
    wildcards: id=195

[Tue Apr 23 09:59:43 2024]
Finished job 361.
133 of 261 steps (51%) done

[Tue Apr 23 09:59:43 2024]
rule time_mem_to_csv:
    input: outputs/135/metrics.txt
    output: outputs/135/metrics.csv
    jobid: 395
    wildcards: id=135

[Tue Apr 23 09:59:43 2024]
Finished job 494.
134 of 261 steps (51%) done

[Tue Apr 23 09:59:43 2024]
rule time_mem_to_csv:
    input: outputs/30/metrics.txt
    output: outputs/30/metrics.csv
    jobid: 290
    wildcards: id=30

[Tue Apr 23 09:59:43 2024]
Finished job 362.
135 of 261 steps (52%) done

[Tue Apr 23 09:59:43 2024]
rule time_mem_to_csv:
    input: outputs/172/metrics.txt
    output: outputs/172/metrics.csv
    jobid: 432
    wildcards: id=172

[Tue Apr 23 09:59:44 2024]
Finished job 367.
136 of 261 steps (52%) done

[Tue Apr 23 09:59:44 2024]
rule time_mem_to_csv:
    input: outputs/98/metrics.txt
    output: outputs/98/metrics.csv
    jobid: 358
    wildcards: id=98

[Tue Apr 23 09:59:44 2024]
Finished job 356.
137 of 261 steps (52%) done

[Tue Apr 23 09:59:44 2024]
rule time_mem_to_csv:
    input: outputs/68/metrics.txt
    output: outputs/68/metrics.csv
    jobid: 328
    wildcards: id=68

[Tue Apr 23 09:59:44 2024]
Finished job 420.
138 of 261 steps (53%) done

[Tue Apr 23 09:59:44 2024]
rule time_mem_to_csv:
    input: outputs/215/metrics.txt
    output: outputs/215/metrics.csv
    jobid: 475
    wildcards: id=215

[Tue Apr 23 09:59:45 2024]
Finished job 455.
139 of 261 steps (53%) done
[Tue Apr 23 09:59:45 2024]
Finished job 290.
140 of 261 steps (54%) done

[Tue Apr 23 09:59:45 2024]
rule time_mem_to_csv:
    input: outputs/228/metrics.txt
    output: outputs/228/metrics.csv
    jobid: 488
    wildcards: id=228


[Tue Apr 23 09:59:45 2024]
rule time_mem_to_csv:
    input: outputs/21/metrics.txt
    output: outputs/21/metrics.csv
    jobid: 281
    wildcards: id=21

[Tue Apr 23 09:59:45 2024]
Finished job 419.
141 of 261 steps (54%) done

[Tue Apr 23 09:59:45 2024]
rule time_mem_to_csv:
    input: outputs/191/metrics.txt
    output: outputs/191/metrics.csv
    jobid: 451
    wildcards: id=191

[Tue Apr 23 09:59:45 2024]
Finished job 395.
142 of 261 steps (54%) done

[Tue Apr 23 09:59:45 2024]
rule time_mem_to_csv:
    input: outputs/72/metrics.txt
    output: outputs/72/metrics.csv
    jobid: 332
    wildcards: id=72

[Tue Apr 23 09:59:45 2024]
Finished job 432.
143 of 261 steps (55%) done

[Tue Apr 23 09:59:45 2024]
rule time_mem_to_csv:
    input: outputs/193/metrics.txt
    output: outputs/193/metrics.csv
    jobid: 453
    wildcards: id=193

[Tue Apr 23 09:59:45 2024]
Finished job 358.
144 of 261 steps (55%) done

[Tue Apr 23 09:59:45 2024]
rule time_mem_to_csv:
    input: outputs/5/metrics.txt
    output: outputs/5/metrics.csv
    jobid: 265
    wildcards: id=5

[Tue Apr 23 09:59:46 2024]
Finished job 328.
145 of 261 steps (56%) done

[Tue Apr 23 09:59:46 2024]
rule time_mem_to_csv:
    input: outputs/15/metrics.txt
    output: outputs/15/metrics.csv
    jobid: 275
    wildcards: id=15

[Tue Apr 23 09:59:46 2024]
Finished job 475.
146 of 261 steps (56%) done

[Tue Apr 23 09:59:46 2024]
rule time_mem_to_csv:
    input: outputs/34/metrics.txt
    output: outputs/34/metrics.csv
    jobid: 294
    wildcards: id=34

[Tue Apr 23 09:59:46 2024]
Finished job 451.
147 of 261 steps (56%) done

[Tue Apr 23 09:59:46 2024]
rule time_mem_to_csv:
    input: outputs/29/metrics.txt
    output: outputs/29/metrics.csv
    jobid: 289
    wildcards: id=29

[Tue Apr 23 09:59:46 2024]
Finished job 281.
148 of 261 steps (57%) done

[Tue Apr 23 09:59:46 2024]
rule time_mem_to_csv:
    input: outputs/158/metrics.txt
    output: outputs/158/metrics.csv
    jobid: 418
    wildcards: id=158

[Tue Apr 23 09:59:46 2024]
Finished job 488.
149 of 261 steps (57%) done
[Tue Apr 23 09:59:46 2024]
Finished job 332.
150 of 261 steps (57%) done

[Tue Apr 23 09:59:46 2024]
rule time_mem_to_csv:
    input: outputs/185/metrics.txt
    output: outputs/185/metrics.csv
    jobid: 445
    wildcards: id=185


[Tue Apr 23 09:59:47 2024]
rule time_mem_to_csv:
    input: outputs/232/metrics.txt
    output: outputs/232/metrics.csv
    jobid: 492
    wildcards: id=232

[Tue Apr 23 09:59:47 2024]
Finished job 453.
151 of 261 steps (58%) done

[Tue Apr 23 09:59:47 2024]
rule time_mem_to_csv:
    input: outputs/63/metrics.txt
    output: outputs/63/metrics.csv
    jobid: 323
    wildcards: id=63

[Tue Apr 23 09:59:47 2024]
Finished job 265.
152 of 261 steps (58%) done
[Tue Apr 23 09:59:47 2024]
Finished job 275.
153 of 261 steps (59%) done

[Tue Apr 23 09:59:47 2024]
rule time_mem_to_csv:
    input: outputs/3/metrics.txt
    output: outputs/3/metrics.csv
    jobid: 263
    wildcards: id=3


[Tue Apr 23 09:59:47 2024]
rule time_mem_to_csv:
    input: outputs/124/metrics.txt
    output: outputs/124/metrics.csv
    jobid: 384
    wildcards: id=124

[Tue Apr 23 09:59:47 2024]
Finished job 294.
154 of 261 steps (59%) done

[Tue Apr 23 09:59:47 2024]
rule time_mem_to_csv:
    input: outputs/36/metrics.txt
    output: outputs/36/metrics.csv
    jobid: 296
    wildcards: id=36

[Tue Apr 23 09:59:48 2024]
Finished job 289.
155 of 261 steps (59%) done

[Tue Apr 23 09:59:48 2024]
rule time_mem_to_csv:
    input: outputs/200/metrics.txt
    output: outputs/200/metrics.csv
    jobid: 460
    wildcards: id=200

[Tue Apr 23 09:59:48 2024]
Finished job 418.
156 of 261 steps (60%) done

[Tue Apr 23 09:59:48 2024]
rule time_mem_to_csv:
    input: outputs/27/metrics.txt
    output: outputs/27/metrics.csv
    jobid: 287
    wildcards: id=27

[Tue Apr 23 09:59:48 2024]
Finished job 445.
157 of 261 steps (60%) done

[Tue Apr 23 09:59:48 2024]
rule time_mem_to_csv:
    input: outputs/24/metrics.txt
    output: outputs/24/metrics.csv
    jobid: 284
    wildcards: id=24

[Tue Apr 23 09:59:48 2024]
Finished job 492.
158 of 261 steps (61%) done

[Tue Apr 23 09:59:48 2024]
rule time_mem_to_csv:
    input: outputs/106/metrics.txt
    output: outputs/106/metrics.csv
    jobid: 366
    wildcards: id=106

[Tue Apr 23 09:59:48 2024]
Finished job 323.
159 of 261 steps (61%) done

[Tue Apr 23 09:59:48 2024]
rule time_mem_to_csv:
    input: outputs/10/metrics.txt
    output: outputs/10/metrics.csv
    jobid: 270
    wildcards: id=10

[Tue Apr 23 09:59:49 2024]
Finished job 384.
160 of 261 steps (61%) done

[Tue Apr 23 09:59:49 2024]
rule time_mem_to_csv:
    input: outputs/113/metrics.txt
    output: outputs/113/metrics.csv
    jobid: 373
    wildcards: id=113

[Tue Apr 23 09:59:49 2024]
Finished job 263.
161 of 261 steps (62%) done
[Tue Apr 23 09:59:49 2024]
Finished job 296.
162 of 261 steps (62%) done

[Tue Apr 23 09:59:49 2024]
rule time_mem_to_csv:
    input: outputs/109/metrics.txt
    output: outputs/109/metrics.csv
    jobid: 369
    wildcards: id=109


[Tue Apr 23 09:59:49 2024]
rule time_mem_to_csv:
    input: outputs/238/metrics.txt
    output: outputs/238/metrics.csv
    jobid: 498
    wildcards: id=238

[Tue Apr 23 09:59:49 2024]
Finished job 460.
163 of 261 steps (62%) done

[Tue Apr 23 09:59:49 2024]
rule time_mem_to_csv:
    input: outputs/82/metrics.txt
    output: outputs/82/metrics.csv
    jobid: 342
    wildcards: id=82

[Tue Apr 23 09:59:49 2024]
Finished job 287.
164 of 261 steps (63%) done

[Tue Apr 23 09:59:49 2024]
rule time_mem_to_csv:
    input: outputs/210/metrics.txt
    output: outputs/210/metrics.csv
    jobid: 470
    wildcards: id=210

[Tue Apr 23 09:59:49 2024]
Finished job 284.
165 of 261 steps (63%) done

[Tue Apr 23 09:59:49 2024]
rule time_mem_to_csv:
    input: outputs/1/metrics.txt
    output: outputs/1/metrics.csv
    jobid: 261
    wildcards: id=1

[Tue Apr 23 09:59:50 2024]
Finished job 366.
166 of 261 steps (64%) done

[Tue Apr 23 09:59:50 2024]
rule time_mem_to_csv:
    input: outputs/23/metrics.txt
    output: outputs/23/metrics.csv
    jobid: 283
    wildcards: id=23

[Tue Apr 23 09:59:50 2024]
Finished job 270.
167 of 261 steps (64%) done

[Tue Apr 23 09:59:50 2024]
rule time_mem_to_csv:
    input: outputs/118/metrics.txt
    output: outputs/118/metrics.csv
    jobid: 378
    wildcards: id=118

[Tue Apr 23 09:59:50 2024]
Finished job 373.
168 of 261 steps (64%) done

[Tue Apr 23 09:59:50 2024]
rule time_mem_to_csv:
    input: outputs/169/metrics.txt
    output: outputs/169/metrics.csv
    jobid: 429
    wildcards: id=169

[Tue Apr 23 09:59:51 2024]
Finished job 498.
169 of 261 steps (65%) done
[Tue Apr 23 09:59:51 2024]
Finished job 342.
170 of 261 steps (65%) done

[Tue Apr 23 09:59:51 2024]
rule time_mem_to_csv:
    input: outputs/217/metrics.txt
    output: outputs/217/metrics.csv
    jobid: 477
    wildcards: id=217


[Tue Apr 23 09:59:51 2024]
rule time_mem_to_csv:
    input: outputs/122/metrics.txt
    output: outputs/122/metrics.csv
    jobid: 382
    wildcards: id=122

[Tue Apr 23 09:59:51 2024]
Finished job 369.
171 of 261 steps (66%) done

[Tue Apr 23 09:59:51 2024]
rule time_mem_to_csv:
    input: outputs/75/metrics.txt
    output: outputs/75/metrics.csv
    jobid: 335
    wildcards: id=75

[Tue Apr 23 09:59:51 2024]
Finished job 470.
172 of 261 steps (66%) done

[Tue Apr 23 09:59:51 2024]
rule time_mem_to_csv:
    input: outputs/77/metrics.txt
    output: outputs/77/metrics.csv
    jobid: 337
    wildcards: id=77

[Tue Apr 23 09:59:51 2024]
Finished job 283.
173 of 261 steps (66%) done

[Tue Apr 23 09:59:51 2024]
rule time_mem_to_csv:
    input: outputs/64/metrics.txt
    output: outputs/64/metrics.csv
    jobid: 324
    wildcards: id=64

[Tue Apr 23 09:59:51 2024]
Finished job 261.
174 of 261 steps (67%) done

[Tue Apr 23 09:59:51 2024]
rule time_mem_to_csv:
    input: outputs/18/metrics.txt
    output: outputs/18/metrics.csv
    jobid: 278
    wildcards: id=18

[Tue Apr 23 09:59:51 2024]
Finished job 378.
175 of 261 steps (67%) done

[Tue Apr 23 09:59:51 2024]
rule time_mem_to_csv:
    input: outputs/235/metrics.txt
    output: outputs/235/metrics.csv
    jobid: 495
    wildcards: id=235

[Tue Apr 23 09:59:52 2024]
Finished job 429.
176 of 261 steps (67%) done

[Tue Apr 23 09:59:52 2024]
rule time_mem_to_csv:
    input: outputs/125/metrics.txt
    output: outputs/125/metrics.csv
    jobid: 385
    wildcards: id=125

[Tue Apr 23 09:59:52 2024]
Finished job 477.
177 of 261 steps (68%) done
[Tue Apr 23 09:59:52 2024]
Finished job 382.
178 of 261 steps (68%) done

[Tue Apr 23 09:59:52 2024]
rule time_mem_to_csv:
    input: outputs/189/metrics.txt
    output: outputs/189/metrics.csv
    jobid: 449
    wildcards: id=189

[Tue Apr 23 09:59:52 2024]
Finished job 335.
179 of 261 steps (69%) done

[Tue Apr 23 09:59:52 2024]
rule time_mem_to_csv:
    input: outputs/192/metrics.txt
    output: outputs/192/metrics.csv
    jobid: 452
    wildcards: id=192


[Tue Apr 23 09:59:52 2024]
rule time_mem_to_csv:
    input: outputs/206/metrics.txt
    output: outputs/206/metrics.csv
    jobid: 466
    wildcards: id=206

[Tue Apr 23 09:59:53 2024]
Finished job 337.
180 of 261 steps (69%) done

[Tue Apr 23 09:59:53 2024]
rule time_mem_to_csv:
    input: outputs/35/metrics.txt
    output: outputs/35/metrics.csv
    jobid: 295
    wildcards: id=35

[Tue Apr 23 09:59:53 2024]
Finished job 324.
181 of 261 steps (69%) done

[Tue Apr 23 09:59:53 2024]
rule time_mem_to_csv:
    input: outputs/7/metrics.txt
    output: outputs/7/metrics.csv
    jobid: 267
    wildcards: id=7

[Tue Apr 23 09:59:53 2024]
Finished job 278.
182 of 261 steps (70%) done

[Tue Apr 23 09:59:53 2024]
rule time_mem_to_csv:
    input: outputs/204/metrics.txt
    output: outputs/204/metrics.csv
    jobid: 464
    wildcards: id=204

[Tue Apr 23 09:59:53 2024]
Finished job 495.
183 of 261 steps (70%) done

[Tue Apr 23 09:59:53 2024]
rule time_mem_to_csv:
    input: outputs/73/metrics.txt
    output: outputs/73/metrics.csv
    jobid: 333
    wildcards: id=73

[Tue Apr 23 09:59:54 2024]
Finished job 385.
184 of 261 steps (70%) done

[Tue Apr 23 09:59:54 2024]
rule time_mem_to_csv:
    input: outputs/111/metrics.txt
    output: outputs/111/metrics.csv
    jobid: 371
    wildcards: id=111

[Tue Apr 23 09:59:54 2024]
Finished job 466.
185 of 261 steps (71%) done

[Tue Apr 23 09:59:54 2024]
rule time_mem_to_csv:
    input: outputs/197/metrics.txt
    output: outputs/197/metrics.csv
    jobid: 457
    wildcards: id=197

[Tue Apr 23 09:59:54 2024]
Finished job 449.
186 of 261 steps (71%) done

[Tue Apr 23 09:59:54 2024]
rule time_mem_to_csv:
    input: outputs/119/metrics.txt
    output: outputs/119/metrics.csv
    jobid: 379
    wildcards: id=119

[Tue Apr 23 09:59:54 2024]
Finished job 452.
187 of 261 steps (72%) done

[Tue Apr 23 09:59:54 2024]
rule time_mem_to_csv:
    input: outputs/165/metrics.txt
    output: outputs/165/metrics.csv
    jobid: 425
    wildcards: id=165

[Tue Apr 23 09:59:54 2024]
Finished job 295.
188 of 261 steps (72%) done

[Tue Apr 23 09:59:54 2024]
rule time_mem_to_csv:
    input: outputs/140/metrics.txt
    output: outputs/140/metrics.csv
    jobid: 400
    wildcards: id=140

[Tue Apr 23 09:59:54 2024]
Finished job 464.
189 of 261 steps (72%) done

[Tue Apr 23 09:59:54 2024]
rule time_mem_to_csv:
    input: outputs/226/metrics.txt
    output: outputs/226/metrics.csv
    jobid: 486
    wildcards: id=226

[Tue Apr 23 09:59:54 2024]
Finished job 267.
190 of 261 steps (73%) done

[Tue Apr 23 09:59:54 2024]
rule time_mem_to_csv:
    input: outputs/16/metrics.txt
    output: outputs/16/metrics.csv
    jobid: 276
    wildcards: id=16

[Tue Apr 23 09:59:54 2024]
Finished job 333.
191 of 261 steps (73%) done

[Tue Apr 23 09:59:54 2024]
rule time_mem_to_csv:
    input: outputs/108/metrics.txt
    output: outputs/108/metrics.csv
    jobid: 368
    wildcards: id=108

[Tue Apr 23 09:59:55 2024]
Finished job 379.
192 of 261 steps (74%) done

[Tue Apr 23 09:59:55 2024]
rule time_mem_to_csv:
    input: outputs/170/metrics.txt
    output: outputs/170/metrics.csv
    jobid: 430
    wildcards: id=170

[Tue Apr 23 09:59:55 2024]
Finished job 457.
193 of 261 steps (74%) done

[Tue Apr 23 09:59:55 2024]
rule time_mem_to_csv:
    input: outputs/201/metrics.txt
    output: outputs/201/metrics.csv
    jobid: 461
    wildcards: id=201

[Tue Apr 23 09:59:55 2024]
Finished job 371.
194 of 261 steps (74%) done

[Tue Apr 23 09:59:55 2024]
rule time_mem_to_csv:
    input: outputs/133/metrics.txt
    output: outputs/133/metrics.csv
    jobid: 393
    wildcards: id=133

[Tue Apr 23 09:59:55 2024]
Finished job 425.
195 of 261 steps (75%) done

[Tue Apr 23 09:59:55 2024]
rule time_mem_to_csv:
    input: outputs/78/metrics.txt
    output: outputs/78/metrics.csv
    jobid: 338
    wildcards: id=78

[Tue Apr 23 09:59:56 2024]
Finished job 486.
196 of 261 steps (75%) done

[Tue Apr 23 09:59:56 2024]
rule time_mem_to_csv:
    input: outputs/22/metrics.txt
    output: outputs/22/metrics.csv
    jobid: 282
    wildcards: id=22

[Tue Apr 23 09:59:56 2024]
Finished job 400.
197 of 261 steps (75%) done

[Tue Apr 23 09:59:56 2024]
rule time_mem_to_csv:
    input: outputs/141/metrics.txt
    output: outputs/141/metrics.csv
    jobid: 401
    wildcards: id=141

[Tue Apr 23 09:59:56 2024]
Finished job 276.
198 of 261 steps (76%) done

[Tue Apr 23 09:59:56 2024]
rule time_mem_to_csv:
    input: outputs/164/metrics.txt
    output: outputs/164/metrics.csv
    jobid: 424
    wildcards: id=164

[Tue Apr 23 09:59:56 2024]
Finished job 368.
199 of 261 steps (76%) done

[Tue Apr 23 09:59:56 2024]
rule time_mem_to_csv:
    input: outputs/99/metrics.txt
    output: outputs/99/metrics.csv
    jobid: 359
    wildcards: id=99

[Tue Apr 23 09:59:57 2024]
Finished job 430.
200 of 261 steps (77%) done

[Tue Apr 23 09:59:57 2024]
rule time_mem_to_csv:
    input: outputs/14/metrics.txt
    output: outputs/14/metrics.csv
    jobid: 274
    wildcards: id=14

[Tue Apr 23 09:59:57 2024]
Finished job 461.
201 of 261 steps (77%) done

[Tue Apr 23 09:59:57 2024]
rule time_mem_to_csv:
    input: outputs/216/metrics.txt
    output: outputs/216/metrics.csv
    jobid: 476
    wildcards: id=216

[Tue Apr 23 09:59:57 2024]
Finished job 338.
202 of 261 steps (77%) done

[Tue Apr 23 09:59:57 2024]
rule time_mem_to_csv:
    input: outputs/9/metrics.txt
    output: outputs/9/metrics.csv
    jobid: 269
    wildcards: id=9

[Tue Apr 23 09:59:57 2024]
Finished job 424.
203 of 261 steps (78%) done

[Tue Apr 23 09:59:57 2024]
rule time_mem_to_csv:
    input: outputs/227/metrics.txt
    output: outputs/227/metrics.csv
    jobid: 487
    wildcards: id=227

[Tue Apr 23 09:59:57 2024]
Finished job 401.
204 of 261 steps (78%) done

[Tue Apr 23 09:59:57 2024]
rule time_mem_to_csv:
    input: outputs/47/metrics.txt
    output: outputs/47/metrics.csv
    jobid: 307
    wildcards: id=47

[Tue Apr 23 09:59:57 2024]
Finished job 393.
205 of 261 steps (79%) done

[Tue Apr 23 09:59:57 2024]
rule time_mem_to_csv:
    input: outputs/97/metrics.txt
    output: outputs/97/metrics.csv
    jobid: 357
    wildcards: id=97

[Tue Apr 23 09:59:57 2024]
Finished job 282.
206 of 261 steps (79%) done

[Tue Apr 23 09:59:57 2024]
rule time_mem_to_csv:
    input: outputs/104/metrics.txt
    output: outputs/104/metrics.csv
    jobid: 364
    wildcards: id=104

[Tue Apr 23 09:59:57 2024]
Finished job 359.
207 of 261 steps (79%) done

[Tue Apr 23 09:59:57 2024]
rule time_mem_to_csv:
    input: outputs/93/metrics.txt
    output: outputs/93/metrics.csv
    jobid: 353
    wildcards: id=93

[Tue Apr 23 09:59:58 2024]
Finished job 476.
208 of 261 steps (80%) done

[Tue Apr 23 09:59:58 2024]
rule time_mem_to_csv:
    input: outputs/81/metrics.txt
    output: outputs/81/metrics.csv
    jobid: 341
    wildcards: id=81

[Tue Apr 23 09:59:58 2024]
Finished job 274.
209 of 261 steps (80%) done

[Tue Apr 23 09:59:58 2024]
rule time_mem_to_csv:
    input: outputs/115/metrics.txt
    output: outputs/115/metrics.csv
    jobid: 375
    wildcards: id=115

[Tue Apr 23 09:59:58 2024]
Finished job 269.
210 of 261 steps (80%) done

[Tue Apr 23 09:59:58 2024]
rule time_mem_to_csv:
    input: outputs/8/metrics.txt
    output: outputs/8/metrics.csv
    jobid: 268
    wildcards: id=8

[Tue Apr 23 09:59:59 2024]
Finished job 487.
211 of 261 steps (81%) done

[Tue Apr 23 09:59:59 2024]
rule time_mem_to_csv:
    input: outputs/225/metrics.txt
    output: outputs/225/metrics.csv
    jobid: 485
    wildcards: id=225

[Tue Apr 23 09:59:59 2024]
Finished job 364.
212 of 261 steps (81%) done

[Tue Apr 23 09:59:59 2024]
rule time_mem_to_csv:
    input: outputs/167/metrics.txt
    output: outputs/167/metrics.csv
    jobid: 427
    wildcards: id=167

[Tue Apr 23 09:59:59 2024]
Finished job 357.
213 of 261 steps (82%) done

[Tue Apr 23 09:59:59 2024]
rule time_mem_to_csv:
    input: outputs/100/metrics.txt
    output: outputs/100/metrics.csv
    jobid: 360
    wildcards: id=100

[Tue Apr 23 09:59:59 2024]
Finished job 307.
214 of 261 steps (82%) done

[Tue Apr 23 09:59:59 2024]
rule time_mem_to_csv:
    input: outputs/163/metrics.txt
    output: outputs/163/metrics.csv
    jobid: 423
    wildcards: id=163

[Tue Apr 23 09:59:59 2024]
Finished job 353.
215 of 261 steps (82%) done

[Tue Apr 23 09:59:59 2024]
rule time_mem_to_csv:
    input: outputs/220/metrics.txt
    output: outputs/220/metrics.csv
    jobid: 480
    wildcards: id=220

[Tue Apr 23 10:00:00 2024]
Finished job 375.
216 of 261 steps (83%) done

[Tue Apr 23 10:00:00 2024]
rule time_mem_to_csv:
    input: outputs/136/metrics.txt
    output: outputs/136/metrics.csv
    jobid: 396
    wildcards: id=136

[Tue Apr 23 10:00:00 2024]
Finished job 341.
217 of 261 steps (83%) done

[Tue Apr 23 10:00:00 2024]
rule time_mem_to_csv:
    input: outputs/211/metrics.txt
    output: outputs/211/metrics.csv
    jobid: 471
    wildcards: id=211

[Tue Apr 23 10:00:00 2024]
Finished job 268.
218 of 261 steps (84%) done

[Tue Apr 23 10:00:00 2024]
rule time_mem_to_csv:
    input: outputs/213/metrics.txt
    output: outputs/213/metrics.csv
    jobid: 473
    wildcards: id=213

[Tue Apr 23 10:00:00 2024]
Finished job 427.
219 of 261 steps (84%) done

[Tue Apr 23 10:00:00 2024]
rule time_mem_to_csv:
    input: outputs/174/metrics.txt
    output: outputs/174/metrics.csv
    jobid: 434
    wildcards: id=174

[Tue Apr 23 10:00:00 2024]
Finished job 360.
220 of 261 steps (84%) done
[Tue Apr 23 10:00:00 2024]
Finished job 485.
221 of 261 steps (85%) done

[Tue Apr 23 10:00:00 2024]
rule time_mem_to_csv:
    input: outputs/6/metrics.txt
    output: outputs/6/metrics.csv
    jobid: 266
    wildcards: id=6


[Tue Apr 23 10:00:00 2024]
rule time_mem_to_csv:
    input: outputs/80/metrics.txt
    output: outputs/80/metrics.csv
    jobid: 340
    wildcards: id=80

[Tue Apr 23 10:00:00 2024]
Finished job 423.
222 of 261 steps (85%) done

[Tue Apr 23 10:00:00 2024]
rule time_mem_to_csv:
    input: outputs/11/metrics.txt
    output: outputs/11/metrics.csv
    jobid: 271
    wildcards: id=11

[Tue Apr 23 10:00:00 2024]
Finished job 480.
223 of 261 steps (85%) done

[Tue Apr 23 10:00:00 2024]
rule time_mem_to_csv:
    input: outputs/42/metrics.txt
    output: outputs/42/metrics.csv
    jobid: 302
    wildcards: id=42

[Tue Apr 23 10:00:01 2024]
Finished job 396.
224 of 261 steps (86%) done

[Tue Apr 23 10:00:01 2024]
rule time_mem_to_csv:
    input: outputs/207/metrics.txt
    output: outputs/207/metrics.csv
    jobid: 467
    wildcards: id=207

[Tue Apr 23 10:00:01 2024]
Finished job 471.
225 of 261 steps (86%) done

[Tue Apr 23 10:00:01 2024]
rule time_mem_to_csv:
    input: outputs/110/metrics.txt
    output: outputs/110/metrics.csv
    jobid: 370
    wildcards: id=110

[Tue Apr 23 10:00:01 2024]
Finished job 473.
226 of 261 steps (87%) done

[Tue Apr 23 10:00:01 2024]
rule time_mem_to_csv:
    input: outputs/209/metrics.txt
    output: outputs/209/metrics.csv
    jobid: 469
    wildcards: id=209

[Tue Apr 23 10:00:01 2024]
Finished job 271.
227 of 261 steps (87%) done

[Tue Apr 23 10:00:01 2024]
rule time_mem_to_csv:
    input: outputs/74/metrics.txt
    output: outputs/74/metrics.csv
    jobid: 334
    wildcards: id=74

[Tue Apr 23 10:00:02 2024]
Finished job 434.
228 of 261 steps (87%) done
[Tue Apr 23 10:00:02 2024]
Finished job 340.
229 of 261 steps (88%) done

[Tue Apr 23 10:00:02 2024]
rule time_mem_to_csv:
    input: outputs/137/metrics.txt
    output: outputs/137/metrics.csv
    jobid: 397
    wildcards: id=137


[Tue Apr 23 10:00:02 2024]
rule time_mem_to_csv:
    input: outputs/67/metrics.txt
    output: outputs/67/metrics.csv
    jobid: 327
    wildcards: id=67

[Tue Apr 23 10:00:02 2024]
Finished job 266.
230 of 261 steps (88%) done

[Tue Apr 23 10:00:02 2024]
rule time_mem_to_csv:
    input: outputs/231/metrics.txt
    output: outputs/231/metrics.csv
    jobid: 491
    wildcards: id=231

[Tue Apr 23 10:00:02 2024]
Finished job 302.
231 of 261 steps (89%) done

[Tue Apr 23 10:00:02 2024]
rule time_mem_to_csv:
    input: outputs/33/metrics.txt
    output: outputs/33/metrics.csv
    jobid: 293
    wildcards: id=33

[Tue Apr 23 10:00:03 2024]
Finished job 370.
232 of 261 steps (89%) done

[Tue Apr 23 10:00:03 2024]
rule time_mem_to_csv:
    input: outputs/114/metrics.txt
    output: outputs/114/metrics.csv
    jobid: 374
    wildcards: id=114

[Tue Apr 23 10:00:03 2024]
Finished job 469.
233 of 261 steps (89%) done

[Tue Apr 23 10:00:03 2024]
rule time_mem_to_csv:
    input: outputs/173/metrics.txt
    output: outputs/173/metrics.csv
    jobid: 433
    wildcards: id=173

[Tue Apr 23 10:00:03 2024]
Finished job 467.
234 of 261 steps (90%) done

[Tue Apr 23 10:00:03 2024]
rule time_mem_to_csv:
    input: outputs/233/metrics.txt
    output: outputs/233/metrics.csv
    jobid: 493
    wildcards: id=233

[Tue Apr 23 10:00:03 2024]
Finished job 334.
235 of 261 steps (90%) done

[Tue Apr 23 10:00:03 2024]
rule time_mem_to_csv:
    input: outputs/214/metrics.txt
    output: outputs/214/metrics.csv
    jobid: 474
    wildcards: id=214

[Tue Apr 23 10:00:03 2024]
Finished job 327.
236 of 261 steps (90%) done

[Tue Apr 23 10:00:03 2024]
rule time_mem_to_csv:
    input: outputs/190/metrics.txt
    output: outputs/190/metrics.csv
    jobid: 450
    wildcards: id=190

[Tue Apr 23 10:00:03 2024]
Finished job 397.
237 of 261 steps (91%) done

[Tue Apr 23 10:00:03 2024]
rule time_mem_to_csv:
    input: outputs/103/metrics.txt
    output: outputs/103/metrics.csv
    jobid: 363
    wildcards: id=103

[Tue Apr 23 10:00:03 2024]
Finished job 491.
238 of 261 steps (91%) done

[Tue Apr 23 10:00:03 2024]
rule time_mem_to_csv:
    input: outputs/12/metrics.txt
    output: outputs/12/metrics.csv
    jobid: 272
    wildcards: id=12

[Tue Apr 23 10:00:04 2024]
Finished job 293.
239 of 261 steps (92%) done

[Tue Apr 23 10:00:04 2024]
rule time_mem_to_csv:
    input: outputs/112/metrics.txt
    output: outputs/112/metrics.csv
    jobid: 372
    wildcards: id=112

[Tue Apr 23 10:00:04 2024]
Finished job 374.
240 of 261 steps (92%) done

[Tue Apr 23 10:00:04 2024]
rule time_mem_to_csv:
    input: outputs/208/metrics.txt
    output: outputs/208/metrics.csv
    jobid: 468
    wildcards: id=208

[Tue Apr 23 10:00:04 2024]
Finished job 433.
241 of 261 steps (92%) done

[Tue Apr 23 10:00:04 2024]
rule time_mem_to_csv:
    input: outputs/120/metrics.txt
    output: outputs/120/metrics.csv
    jobid: 380
    wildcards: id=120

[Tue Apr 23 10:00:04 2024]
Finished job 493.
242 of 261 steps (93%) done

[Tue Apr 23 10:00:04 2024]
rule time_mem_to_csv:
    input: outputs/222/metrics.txt
    output: outputs/222/metrics.csv
    jobid: 482
    wildcards: id=222

[Tue Apr 23 10:00:04 2024]
Finished job 363.
243 of 261 steps (93%) done
[Tue Apr 23 10:00:04 2024]
Finished job 450.
244 of 261 steps (93%) done

[Tue Apr 23 10:00:04 2024]
rule time_mem_to_csv:
    input: outputs/176/metrics.txt
    output: outputs/176/metrics.csv
    jobid: 436
    wildcards: id=176


[Tue Apr 23 10:00:04 2024]
rule time_mem_to_csv:
    input: outputs/13/metrics.txt
    output: outputs/13/metrics.csv
    jobid: 273
    wildcards: id=13

[Tue Apr 23 10:00:05 2024]
Finished job 474.
245 of 261 steps (94%) done

[Tue Apr 23 10:00:05 2024]
rule time_mem_to_csv:
    input: outputs/41/metrics.txt
    output: outputs/41/metrics.csv
    jobid: 301
    wildcards: id=41

[Tue Apr 23 10:00:05 2024]
Finished job 272.
246 of 261 steps (94%) done

[Tue Apr 23 10:00:05 2024]
rule time_mem_to_csv:
    input: outputs/157/metrics.txt
    output: outputs/157/metrics.csv
    jobid: 417
    wildcards: id=157

[Tue Apr 23 10:00:05 2024]
Finished job 372.
247 of 261 steps (95%) done

[Tue Apr 23 10:00:05 2024]
rule time_mem_to_csv:
    input: outputs/162/metrics.txt
    output: outputs/162/metrics.csv
    jobid: 422
    wildcards: id=162

[Tue Apr 23 10:00:06 2024]
Finished job 468.
248 of 261 steps (95%) done

[Tue Apr 23 10:00:06 2024]
rule time_mem_to_csv:
    input: outputs/123/metrics.txt
    output: outputs/123/metrics.csv
    jobid: 383
    wildcards: id=123

[Tue Apr 23 10:00:06 2024]
Finished job 482.
249 of 261 steps (95%) done

[Tue Apr 23 10:00:06 2024]
rule time_mem_to_csv:
    input: outputs/70/metrics.txt
    output: outputs/70/metrics.csv
    jobid: 330
    wildcards: id=70

[Tue Apr 23 10:00:06 2024]
Finished job 380.
250 of 261 steps (96%) done

[Tue Apr 23 10:00:06 2024]
rule time_mem_to_csv:
    input: outputs/188/metrics.txt
    output: outputs/188/metrics.csv
    jobid: 448
    wildcards: id=188

[Tue Apr 23 10:00:06 2024]
Finished job 436.
251 of 261 steps (96%) done

[Tue Apr 23 10:00:06 2024]
rule time_mem_to_csv:
    input: outputs/28/metrics.txt
    output: outputs/28/metrics.csv
    jobid: 288
    wildcards: id=28

[Tue Apr 23 10:00:06 2024]
Finished job 273.
252 of 261 steps (97%) done

[Tue Apr 23 10:00:06 2024]
rule time_mem_to_csv:
    input: outputs/168/metrics.txt
    output: outputs/168/metrics.csv
    jobid: 428
    wildcards: id=168

[Tue Apr 23 10:00:06 2024]
Finished job 301.
253 of 261 steps (97%) done
[Tue Apr 23 10:00:06 2024]
Finished job 417.
254 of 261 steps (97%) done
[Tue Apr 23 10:00:07 2024]
Finished job 422.
255 of 261 steps (98%) done
[Tue Apr 23 10:00:07 2024]
Finished job 383.
256 of 261 steps (98%) done
[Tue Apr 23 10:00:07 2024]
Finished job 330.
257 of 261 steps (98%) done
[Tue Apr 23 10:00:07 2024]
Finished job 288.
258 of 261 steps (99%) done
[Tue Apr 23 10:00:07 2024]
Finished job 448.
259 of 261 steps (99%) done
[Tue Apr 23 10:00:07 2024]
Finished job 428.
260 of 261 steps (100%) done

[Tue Apr 23 10:00:07 2024]
rule collect_statistics:
    input: outputs/1/cross_entropy.csv, outputs/2/cross_entropy.csv, outputs/3/cross_entropy.csv, outputs/4/cross_entropy.csv, outputs/5/cross_entropy.csv, outputs/6/cross_entropy.csv, outputs/7/cross_entropy.csv, outputs/8/cross_entropy.csv, outputs/9/cross_entropy.csv, outputs/10/cross_entropy.csv, outputs/11/cross_entropy.csv, outputs/12/cross_entropy.csv, outputs/13/cross_entropy.csv, outputs/14/cross_entropy.csv, outputs/15/cross_entropy.csv, outputs/16/cross_entropy.csv, outputs/17/cross_entropy.csv, outputs/18/cross_entropy.csv, outputs/19/cross_entropy.csv, outputs/20/cross_entropy.csv, outputs/21/cross_entropy.csv, outputs/22/cross_entropy.csv, outputs/23/cross_entropy.csv, outputs/24/cross_entropy.csv, outputs/25/cross_entropy.csv, outputs/26/cross_entropy.csv, outputs/27/cross_entropy.csv, outputs/28/cross_entropy.csv, outputs/29/cross_entropy.csv, outputs/30/cross_entropy.csv, outputs/31/cross_entropy.csv, outputs/32/cross_entropy.csv, outputs/33/cross_entropy.csv, outputs/34/cross_entropy.csv, outputs/35/cross_entropy.csv, outputs/36/cross_entropy.csv, outputs/37/cross_entropy.csv, outputs/38/cross_entropy.csv, outputs/39/cross_entropy.csv, outputs/40/cross_entropy.csv, outputs/41/cross_entropy.csv, outputs/42/cross_entropy.csv, outputs/43/cross_entropy.csv, outputs/44/cross_entropy.csv, outputs/45/cross_entropy.csv, outputs/46/cross_entropy.csv, outputs/47/cross_entropy.csv, outputs/48/cross_entropy.csv, outputs/49/cross_entropy.csv, outputs/50/cross_entropy.csv, outputs/51/cross_entropy.csv, outputs/52/cross_entropy.csv, outputs/53/cross_entropy.csv, outputs/54/cross_entropy.csv, outputs/55/cross_entropy.csv, outputs/56/cross_entropy.csv, outputs/57/cross_entropy.csv, outputs/58/cross_entropy.csv, outputs/59/cross_entropy.csv, outputs/60/cross_entropy.csv, outputs/61/cross_entropy.csv, outputs/62/cross_entropy.csv, outputs/63/cross_entropy.csv, outputs/64/cross_entropy.csv, outputs/65/cross_entropy.csv, outputs/66/cross_entropy.csv, outputs/67/cross_entropy.csv, outputs/68/cross_entropy.csv, outputs/69/cross_entropy.csv, outputs/70/cross_entropy.csv, outputs/71/cross_entropy.csv, outputs/72/cross_entropy.csv, outputs/73/cross_entropy.csv, outputs/74/cross_entropy.csv, outputs/75/cross_entropy.csv, outputs/76/cross_entropy.csv, outputs/77/cross_entropy.csv, outputs/78/cross_entropy.csv, outputs/79/cross_entropy.csv, outputs/80/cross_entropy.csv, outputs/81/cross_entropy.csv, outputs/82/cross_entropy.csv, outputs/83/cross_entropy.csv, outputs/84/cross_entropy.csv, outputs/85/cross_entropy.csv, outputs/86/cross_entropy.csv, outputs/87/cross_entropy.csv, outputs/88/cross_entropy.csv, outputs/89/cross_entropy.csv, outputs/90/cross_entropy.csv, outputs/91/cross_entropy.csv, outputs/92/cross_entropy.csv, outputs/93/cross_entropy.csv, outputs/94/cross_entropy.csv, outputs/95/cross_entropy.csv, outputs/96/cross_entropy.csv, outputs/97/cross_entropy.csv, outputs/98/cross_entropy.csv, outputs/99/cross_entropy.csv, outputs/100/cross_entropy.csv, outputs/101/cross_entropy.csv, outputs/102/cross_entropy.csv, outputs/103/cross_entropy.csv, outputs/104/cross_entropy.csv, outputs/105/cross_entropy.csv, outputs/106/cross_entropy.csv, outputs/107/cross_entropy.csv, outputs/108/cross_entropy.csv, outputs/109/cross_entropy.csv, outputs/110/cross_entropy.csv, outputs/111/cross_entropy.csv, outputs/112/cross_entropy.csv, outputs/113/cross_entropy.csv, outputs/114/cross_entropy.csv, outputs/115/cross_entropy.csv, outputs/116/cross_entropy.csv, outputs/117/cross_entropy.csv, outputs/118/cross_entropy.csv, outputs/119/cross_entropy.csv, outputs/120/cross_entropy.csv, outputs/121/cross_entropy.csv, outputs/122/cross_entropy.csv, outputs/123/cross_entropy.csv, outputs/124/cross_entropy.csv, outputs/125/cross_entropy.csv, outputs/126/cross_entropy.csv, outputs/127/cross_entropy.csv, outputs/128/cross_entropy.csv, outputs/129/cross_entropy.csv, outputs/130/cross_entropy.csv, outputs/131/cross_entropy.csv, outputs/132/cross_entropy.csv, outputs/133/cross_entropy.csv, outputs/134/cross_entropy.csv, outputs/135/cross_entropy.csv, outputs/136/cross_entropy.csv, outputs/137/cross_entropy.csv, outputs/138/cross_entropy.csv, outputs/139/cross_entropy.csv, outputs/140/cross_entropy.csv, outputs/141/cross_entropy.csv, outputs/142/cross_entropy.csv, outputs/143/cross_entropy.csv, outputs/144/cross_entropy.csv, outputs/145/cross_entropy.csv, outputs/146/cross_entropy.csv, outputs/147/cross_entropy.csv, outputs/148/cross_entropy.csv, outputs/149/cross_entropy.csv, outputs/150/cross_entropy.csv, outputs/151/cross_entropy.csv, outputs/152/cross_entropy.csv, outputs/153/cross_entropy.csv, outputs/154/cross_entropy.csv, outputs/155/cross_entropy.csv, outputs/156/cross_entropy.csv, outputs/157/cross_entropy.csv, outputs/158/cross_entropy.csv, outputs/159/cross_entropy.csv, outputs/160/cross_entropy.csv, outputs/161/cross_entropy.csv, outputs/162/cross_entropy.csv, outputs/163/cross_entropy.csv, outputs/164/cross_entropy.csv, outputs/165/cross_entropy.csv, outputs/166/cross_entropy.csv, outputs/167/cross_entropy.csv, outputs/168/cross_entropy.csv, outputs/169/cross_entropy.csv, outputs/170/cross_entropy.csv, outputs/171/cross_entropy.csv, outputs/172/cross_entropy.csv, outputs/173/cross_entropy.csv, outputs/174/cross_entropy.csv, outputs/175/cross_entropy.csv, outputs/176/cross_entropy.csv, outputs/177/cross_entropy.csv, outputs/178/cross_entropy.csv, outputs/179/cross_entropy.csv, outputs/180/cross_entropy.csv, outputs/181/cross_entropy.csv, outputs/182/cross_entropy.csv, outputs/183/cross_entropy.csv, outputs/184/cross_entropy.csv, outputs/185/cross_entropy.csv, outputs/186/cross_entropy.csv, outputs/187/cross_entropy.csv, outputs/188/cross_entropy.csv, outputs/189/cross_entropy.csv, outputs/190/cross_entropy.csv, outputs/191/cross_entropy.csv, outputs/192/cross_entropy.csv, outputs/193/cross_entropy.csv, outputs/194/cross_entropy.csv, outputs/195/cross_entropy.csv, outputs/196/cross_entropy.csv, outputs/197/cross_entropy.csv, outputs/198/cross_entropy.csv, outputs/199/cross_entropy.csv, outputs/200/cross_entropy.csv, outputs/201/cross_entropy.csv, outputs/202/cross_entropy.csv, outputs/203/cross_entropy.csv, outputs/204/cross_entropy.csv, outputs/205/cross_entropy.csv, outputs/206/cross_entropy.csv, outputs/207/cross_entropy.csv, outputs/208/cross_entropy.csv, outputs/209/cross_entropy.csv, outputs/210/cross_entropy.csv, outputs/211/cross_entropy.csv, outputs/212/cross_entropy.csv, outputs/213/cross_entropy.csv, outputs/214/cross_entropy.csv, outputs/215/cross_entropy.csv, outputs/216/cross_entropy.csv, outputs/217/cross_entropy.csv, outputs/218/cross_entropy.csv, outputs/219/cross_entropy.csv, outputs/220/cross_entropy.csv, outputs/221/cross_entropy.csv, outputs/222/cross_entropy.csv, outputs/223/cross_entropy.csv, outputs/224/cross_entropy.csv, outputs/225/cross_entropy.csv, outputs/226/cross_entropy.csv, outputs/227/cross_entropy.csv, outputs/228/cross_entropy.csv, outputs/229/cross_entropy.csv, outputs/230/cross_entropy.csv, outputs/231/cross_entropy.csv, outputs/232/cross_entropy.csv, outputs/233/cross_entropy.csv, outputs/234/cross_entropy.csv, outputs/235/cross_entropy.csv, outputs/236/cross_entropy.csv, outputs/237/cross_entropy.csv, outputs/238/cross_entropy.csv, outputs/239/cross_entropy.csv, outputs/240/cross_entropy.csv, outputs/241/cross_entropy.csv, outputs/242/cross_entropy.csv, outputs/243/cross_entropy.csv, outputs/244/cross_entropy.csv, outputs/245/cross_entropy.csv, outputs/246/cross_entropy.csv, outputs/247/cross_entropy.csv, outputs/248/cross_entropy.csv, outputs/249/cross_entropy.csv, outputs/250/cross_entropy.csv, outputs/251/cross_entropy.csv, outputs/252/cross_entropy.csv, outputs/253/cross_entropy.csv, outputs/254/cross_entropy.csv, outputs/255/cross_entropy.csv, outputs/256/cross_entropy.csv, outputs/257/cross_entropy.csv, outputs/258/cross_entropy.csv, outputs/259/cross_entropy.csv, outputs/260/cross_entropy.csv, outputs/1/metrics.csv, outputs/2/metrics.csv, outputs/3/metrics.csv, outputs/4/metrics.csv, outputs/5/metrics.csv, outputs/6/metrics.csv, outputs/7/metrics.csv, outputs/8/metrics.csv, outputs/9/metrics.csv, outputs/10/metrics.csv, outputs/11/metrics.csv, outputs/12/metrics.csv, outputs/13/metrics.csv, outputs/14/metrics.csv, outputs/15/metrics.csv, outputs/16/metrics.csv, outputs/17/metrics.csv, outputs/18/metrics.csv, outputs/19/metrics.csv, outputs/20/metrics.csv, outputs/21/metrics.csv, outputs/22/metrics.csv, outputs/23/metrics.csv, outputs/24/metrics.csv, outputs/25/metrics.csv, outputs/26/metrics.csv, outputs/27/metrics.csv, outputs/28/metrics.csv, outputs/29/metrics.csv, outputs/30/metrics.csv, outputs/31/metrics.csv, outputs/32/metrics.csv, outputs/33/metrics.csv, outputs/34/metrics.csv, outputs/35/metrics.csv, outputs/36/metrics.csv, outputs/37/metrics.csv, outputs/38/metrics.csv, outputs/39/metrics.csv, outputs/40/metrics.csv, outputs/41/metrics.csv, outputs/42/metrics.csv, outputs/43/metrics.csv, outputs/44/metrics.csv, outputs/45/metrics.csv, outputs/46/metrics.csv, outputs/47/metrics.csv, outputs/48/metrics.csv, outputs/49/metrics.csv, outputs/50/metrics.csv, outputs/51/metrics.csv, outputs/52/metrics.csv, outputs/53/metrics.csv, outputs/54/metrics.csv, outputs/55/metrics.csv, outputs/56/metrics.csv, outputs/57/metrics.csv, outputs/58/metrics.csv, outputs/59/metrics.csv, outputs/60/metrics.csv, outputs/61/metrics.csv, outputs/62/metrics.csv, outputs/63/metrics.csv, outputs/64/metrics.csv, outputs/65/metrics.csv, outputs/66/metrics.csv, outputs/67/metrics.csv, outputs/68/metrics.csv, outputs/69/metrics.csv, outputs/70/metrics.csv, outputs/71/metrics.csv, outputs/72/metrics.csv, outputs/73/metrics.csv, outputs/74/metrics.csv, outputs/75/metrics.csv, outputs/76/metrics.csv, outputs/77/metrics.csv, outputs/78/metrics.csv, outputs/79/metrics.csv, outputs/80/metrics.csv, outputs/81/metrics.csv, outputs/82/metrics.csv, outputs/83/metrics.csv, outputs/84/metrics.csv, outputs/85/metrics.csv, outputs/86/metrics.csv, outputs/87/metrics.csv, outputs/88/metrics.csv, outputs/89/metrics.csv, outputs/90/metrics.csv, outputs/91/metrics.csv, outputs/92/metrics.csv, outputs/93/metrics.csv, outputs/94/metrics.csv, outputs/95/metrics.csv, outputs/96/metrics.csv, outputs/97/metrics.csv, outputs/98/metrics.csv, outputs/99/metrics.csv, outputs/100/metrics.csv, outputs/101/metrics.csv, outputs/102/metrics.csv, outputs/103/metrics.csv, outputs/104/metrics.csv, outputs/105/metrics.csv, outputs/106/metrics.csv, outputs/107/metrics.csv, outputs/108/metrics.csv, outputs/109/metrics.csv, outputs/110/metrics.csv, outputs/111/metrics.csv, outputs/112/metrics.csv, outputs/113/metrics.csv, outputs/114/metrics.csv, outputs/115/metrics.csv, outputs/116/metrics.csv, outputs/117/metrics.csv, outputs/118/metrics.csv, outputs/119/metrics.csv, outputs/120/metrics.csv, outputs/121/metrics.csv, outputs/122/metrics.csv, outputs/123/metrics.csv, outputs/124/metrics.csv, outputs/125/metrics.csv, outputs/126/metrics.csv, outputs/127/metrics.csv, outputs/128/metrics.csv, outputs/129/metrics.csv, outputs/130/metrics.csv, outputs/131/metrics.csv, outputs/132/metrics.csv, outputs/133/metrics.csv, outputs/134/metrics.csv, outputs/135/metrics.csv, outputs/136/metrics.csv, outputs/137/metrics.csv, outputs/138/metrics.csv, outputs/139/metrics.csv, outputs/140/metrics.csv, outputs/141/metrics.csv, outputs/142/metrics.csv, outputs/143/metrics.csv, outputs/144/metrics.csv, outputs/145/metrics.csv, outputs/146/metrics.csv, outputs/147/metrics.csv, outputs/148/metrics.csv, outputs/149/metrics.csv, outputs/150/metrics.csv, outputs/151/metrics.csv, outputs/152/metrics.csv, outputs/153/metrics.csv, outputs/154/metrics.csv, outputs/155/metrics.csv, outputs/156/metrics.csv, outputs/157/metrics.csv, outputs/158/metrics.csv, outputs/159/metrics.csv, outputs/160/metrics.csv, outputs/161/metrics.csv, outputs/162/metrics.csv, outputs/163/metrics.csv, outputs/164/metrics.csv, outputs/165/metrics.csv, outputs/166/metrics.csv, outputs/167/metrics.csv, outputs/168/metrics.csv, outputs/169/metrics.csv, outputs/170/metrics.csv, outputs/171/metrics.csv, outputs/172/metrics.csv, outputs/173/metrics.csv, outputs/174/metrics.csv, outputs/175/metrics.csv, outputs/176/metrics.csv, outputs/177/metrics.csv, outputs/178/metrics.csv, outputs/179/metrics.csv, outputs/180/metrics.csv, outputs/181/metrics.csv, outputs/182/metrics.csv, outputs/183/metrics.csv, outputs/184/metrics.csv, outputs/185/metrics.csv, outputs/186/metrics.csv, outputs/187/metrics.csv, outputs/188/metrics.csv, outputs/189/metrics.csv, outputs/190/metrics.csv, outputs/191/metrics.csv, outputs/192/metrics.csv, outputs/193/metrics.csv, outputs/194/metrics.csv, outputs/195/metrics.csv, outputs/196/metrics.csv, outputs/197/metrics.csv, outputs/198/metrics.csv, outputs/199/metrics.csv, outputs/200/metrics.csv, outputs/201/metrics.csv, outputs/202/metrics.csv, outputs/203/metrics.csv, outputs/204/metrics.csv, outputs/205/metrics.csv, outputs/206/metrics.csv, outputs/207/metrics.csv, outputs/208/metrics.csv, outputs/209/metrics.csv, outputs/210/metrics.csv, outputs/211/metrics.csv, outputs/212/metrics.csv, outputs/213/metrics.csv, outputs/214/metrics.csv, outputs/215/metrics.csv, outputs/216/metrics.csv, outputs/217/metrics.csv, outputs/218/metrics.csv, outputs/219/metrics.csv, outputs/220/metrics.csv, outputs/221/metrics.csv, outputs/222/metrics.csv, outputs/223/metrics.csv, outputs/224/metrics.csv, outputs/225/metrics.csv, outputs/226/metrics.csv, outputs/227/metrics.csv, outputs/228/metrics.csv, outputs/229/metrics.csv, outputs/230/metrics.csv, outputs/231/metrics.csv, outputs/232/metrics.csv, outputs/233/metrics.csv, outputs/234/metrics.csv, outputs/235/metrics.csv, outputs/236/metrics.csv, outputs/237/metrics.csv, outputs/238/metrics.csv, outputs/239/metrics.csv, outputs/240/metrics.csv, outputs/241/metrics.csv, outputs/242/metrics.csv, outputs/243/metrics.csv, outputs/244/metrics.csv, outputs/245/metrics.csv, outputs/246/metrics.csv, outputs/247/metrics.csv, outputs/248/metrics.csv, outputs/249/metrics.csv, outputs/250/metrics.csv, outputs/251/metrics.csv, outputs/252/metrics.csv, outputs/253/metrics.csv, outputs/254/metrics.csv, outputs/255/metrics.csv, outputs/256/metrics.csv, outputs/257/metrics.csv, outputs/258/metrics.csv, outputs/259/metrics.csv, outputs/260/metrics.csv, config_folder/experiments.csv
    output: outputs/statistics.tsv
    jobid: 0

[Tue Apr 23 10:00:09 2024]
Finished job 0.
261 of 261 steps (100%) done
Complete log: /home/hade/Desktop/bc_thesis/.snakemake/log/2024-04-23T095916.892242.snakemake.log
