Building DAG of jobs...
Using shell: /usr/bin/bash
Provided cores: 8
Rules claiming more threads will be scaled down.
Job counts:
	count	jobs
	30	train_model_no_mean
	30

[Sat Apr 20 11:53:58 2024]
rule train_model_no_mean:
    input: data/bimodal.npy
    output: no_m_outputs/90/trained_model.txt, no_m_outputs/90/cross_entropy.csv, no_m_outputs/90/data_vs_training.svg, no_m_outputs/90/metrics.txt
    jobid: 0
    wildcards: id=90


[Sat Apr 20 11:53:58 2024]
rule train_model_no_mean:
    input: data/bimodal.npy
    output: no_m_outputs/85/trained_model.txt, no_m_outputs/85/cross_entropy.csv, no_m_outputs/85/data_vs_training.svg, no_m_outputs/85/metrics.txt
    jobid: 1
    wildcards: id=85


[Sat Apr 20 11:53:58 2024]
rule train_model_no_mean:
    input: data/bimodal.npy
    output: no_m_outputs/83/trained_model.txt, no_m_outputs/83/cross_entropy.csv, no_m_outputs/83/data_vs_training.svg, no_m_outputs/83/metrics.txt
    jobid: 2
    wildcards: id=83


[Sat Apr 20 11:53:58 2024]
rule train_model_no_mean:
    input: data/bimodal.npy
    output: no_m_outputs/92/trained_model.txt, no_m_outputs/92/cross_entropy.csv, no_m_outputs/92/data_vs_training.svg, no_m_outputs/92/metrics.txt
    jobid: 3
    wildcards: id=92


[Sat Apr 20 11:53:58 2024]
rule train_model_no_mean:
    input: data/bimodal.npy
    output: no_m_outputs/89/trained_model.txt, no_m_outputs/89/cross_entropy.csv, no_m_outputs/89/data_vs_training.svg, no_m_outputs/89/metrics.txt
    jobid: 4
    wildcards: id=89


[Sat Apr 20 11:53:58 2024]
rule train_model_no_mean:
    input: data/bimodal.npy
    output: no_m_outputs/79/trained_model.txt, no_m_outputs/79/cross_entropy.csv, no_m_outputs/79/data_vs_training.svg, no_m_outputs/79/metrics.txt
    jobid: 5
    wildcards: id=79


[Sat Apr 20 11:53:58 2024]
rule train_model_no_mean:
    input: data/bimodal.npy
    output: no_m_outputs/67/trained_model.txt, no_m_outputs/67/cross_entropy.csv, no_m_outputs/67/data_vs_training.svg, no_m_outputs/67/metrics.txt
    jobid: 6
    wildcards: id=67


[Sat Apr 20 11:53:58 2024]
rule train_model_no_mean:
    input: data/bimodal.npy
    output: no_m_outputs/74/trained_model.txt, no_m_outputs/74/cross_entropy.csv, no_m_outputs/74/data_vs_training.svg, no_m_outputs/74/metrics.txt
    jobid: 7
    wildcards: id=74

Waiting at most 5 seconds for missing files.
MissingOutputException in line 14 of /home/hade/Desktop/bc_thesis/Snakefile:
Missing files after 5 seconds:
no_m_outputs/74/trained_model.txt
no_m_outputs/74/cross_entropy.csv
no_m_outputs/74/data_vs_training.svg
This might be due to filesystem latency. If that is the case, consider to increase the wait time with --latency-wait.
Removing output files of failed job train_model_no_mean since they might be corrupted:
no_m_outputs/74/metrics.txt
Waiting at most 5 seconds for missing files.
MissingOutputException in line 14 of /home/hade/Desktop/bc_thesis/Snakefile:
Missing files after 5 seconds:
no_m_outputs/67/trained_model.txt
no_m_outputs/67/cross_entropy.csv
no_m_outputs/67/data_vs_training.svg
This might be due to filesystem latency. If that is the case, consider to increase the wait time with --latency-wait.
Removing output files of failed job train_model_no_mean since they might be corrupted:
no_m_outputs/67/metrics.txt
Waiting at most 5 seconds for missing files.
MissingOutputException in line 14 of /home/hade/Desktop/bc_thesis/Snakefile:
Missing files after 5 seconds:
no_m_outputs/79/trained_model.txt
no_m_outputs/79/cross_entropy.csv
no_m_outputs/79/data_vs_training.svg
This might be due to filesystem latency. If that is the case, consider to increase the wait time with --latency-wait.
Removing output files of failed job train_model_no_mean since they might be corrupted:
no_m_outputs/79/metrics.txt
Waiting at most 5 seconds for missing files.
MissingOutputException in line 14 of /home/hade/Desktop/bc_thesis/Snakefile:
Missing files after 5 seconds:
no_m_outputs/83/trained_model.txt
no_m_outputs/83/cross_entropy.csv
no_m_outputs/83/data_vs_training.svg
This might be due to filesystem latency. If that is the case, consider to increase the wait time with --latency-wait.
Removing output files of failed job train_model_no_mean since they might be corrupted:
no_m_outputs/83/metrics.txt
Waiting at most 5 seconds for missing files.
MissingOutputException in line 14 of /home/hade/Desktop/bc_thesis/Snakefile:
Missing files after 5 seconds:
no_m_outputs/85/trained_model.txt
no_m_outputs/85/cross_entropy.csv
no_m_outputs/85/data_vs_training.svg
This might be due to filesystem latency. If that is the case, consider to increase the wait time with --latency-wait.
Removing output files of failed job train_model_no_mean since they might be corrupted:
no_m_outputs/85/metrics.txt
Waiting at most 5 seconds for missing files.
MissingOutputException in line 14 of /home/hade/Desktop/bc_thesis/Snakefile:
Missing files after 5 seconds:
no_m_outputs/90/trained_model.txt
no_m_outputs/90/cross_entropy.csv
no_m_outputs/90/data_vs_training.svg
This might be due to filesystem latency. If that is the case, consider to increase the wait time with --latency-wait.
Removing output files of failed job train_model_no_mean since they might be corrupted:
no_m_outputs/90/metrics.txt
Waiting at most 5 seconds for missing files.
MissingOutputException in line 14 of /home/hade/Desktop/bc_thesis/Snakefile:
Missing files after 5 seconds:
no_m_outputs/92/trained_model.txt
no_m_outputs/92/cross_entropy.csv
no_m_outputs/92/data_vs_training.svg
This might be due to filesystem latency. If that is the case, consider to increase the wait time with --latency-wait.
Removing output files of failed job train_model_no_mean since they might be corrupted:
no_m_outputs/92/metrics.txt
Waiting at most 5 seconds for missing files.
MissingOutputException in line 14 of /home/hade/Desktop/bc_thesis/Snakefile:
Missing files after 5 seconds:
no_m_outputs/89/trained_model.txt
no_m_outputs/89/cross_entropy.csv
no_m_outputs/89/data_vs_training.svg
This might be due to filesystem latency. If that is the case, consider to increase the wait time with --latency-wait.
Removing output files of failed job train_model_no_mean since they might be corrupted:
no_m_outputs/89/metrics.txt
Shutting down, this might take some time.
Exiting because a job execution failed. Look above for error message
Complete log: /home/hade/Desktop/bc_thesis/.snakemake/log/2024-04-20T115358.288358.snakemake.log
