Building DAG of jobs...
Using shell: /usr/bin/bash
Provided cores: 8
Rules claiming more threads will be scaled down.
Job counts:
	count	jobs
	1	train_model
	1

[Fri May  3 10:38:30 2024]
rule train_model:
    input: data/gaussian.npy
    output: outputs/609/trained_model.txt, outputs/609/cross_entropy.csv, outputs/609/data_vs_training.svg, outputs/609/metrics.txt
    jobid: 0
    wildcards: id=609
    threads: 8

[Fri May  3 10:38:31 2024]
Error in rule train_model:
    jobid: 0
    output: outputs/609/trained_model.txt, outputs/609/cross_entropy.csv, outputs/609/data_vs_training.svg, outputs/609/metrics.txt
    shell:
        (/usr/bin/time -f "%e %M" python3 train_model.py data/gaussian.npy         -o outputs/609         -architecture full         -ns 6          --fit 'd'         --opt_options 1e-06 1e-06 15000 10         --no_mean 1         --threads 8          --training_opt 10 500 100   ) 2>&1 | tail -n1 > outputs/609/metrics.txt
        (one of the commands exited with non-zero exit code; note that snakemake uses bash strict mode!)

Removing output files of failed job train_model since they might be corrupted:
outputs/609/metrics.txt
Shutting down, this might take some time.
Exiting because a job execution failed. Look above for error message
Complete log: /home/hade/Desktop/bc_thesis/.snakemake/log/2024-05-03T103830.398525.snakemake.log
